1.0316 	WARNING 	We strongly recommend you activate the PTB sound engine in PsychoPy prefs as the preferred audio engine. Its timing is vastly superior. Your prefs are currently set to use ['sounddevice', 'pyo', 'pygame'] (in that order).
68.5420 	EXP 	Created window1 = Window(allowGUI=True, allowStencil=False, args=UNKNOWN, autoLog=True, bitsMode=UNKNOWN, blendMode='avg', bpc=(8, 8, 8), color=array([0., 0., 0.]), colorSpace='rgb', depthBits=8, fullscr=<method-wrapper '__getattribute__' of attributeSetter object at 0x130351b00>, gamma=None, gammaErrorPolicy='raise', kwargs=UNKNOWN, lms=UNKNOWN, monitor=<psychopy.monitors.calibTools.Monitor object at 0x12efd63c8>, multiSample=False, name='window1', numSamples=2, pos=[320.0, 200.0], screen=0, size=array([2560, 1600]), stencilBits=0, stereo=False, units='height', useFBO=True, useRetina=True, viewOri=0.0, viewPos=None, viewScale=None, waitBlanking=True, winType='pyglet')
68.5420 	EXP 	window1: recordFrameIntervals = False
68.7076 	EXP 	window1: recordFrameIntervals = True
68.8900 	EXP 	window1: recordFrameIntervals = False
68.9507 	EXP 	Created Circle_1 = Polygon(__class__=<class 'psychopy.visual.polygon.Polygon'>, autoDraw=False, autoLog=True, closeShape=True, color=method-wrapper(...), colorSpace=None, contrast=1.0, depth=0.0, fillColor=array([1., 1., 1.]), fillColorSpace='rgb255', fillRGB=array([1., 1., 1.]), interpolate=True, lineColor=None, lineColorSpace='rgb', lineRGB=None, lineWidth=1, name='Circle_1', opacity=1.0, ori=array(0.), pos=array([-0.1,  0.1]), size=array([0.1, 0.1]), units='height', vertices=ndarray(...), win=Window(...))
68.9536 	EXP 	Created centre_cross4 = ShapeStim(__class__=<class 'psychopy.visual.shape.ShapeStim'>, autoDraw=False, autoLog=True, closeShape=True, contrast=1.0, depth=-1.0, fillColor=array([1., 1., 1.]), fillColorSpace='rgb', interpolate=True, lineColor=array([1., 1., 1.]), lineColorSpace='rgb', lineWidth=1.5, name='centre_cross4', opacity=1.0, ori=array(0.), pos=array([0., 0.]), size=array([0.05, 0.05]), units='norm', vertices=ndarray(...), win=Window(...), windingRule=None)
69.0221 	EXP 	Created response1disk = ImageStim(__class__=<class 'psychopy.visual.image.ImageStim'>, autoLog=True, color=array([1., 1., 1.]), colorSpace='rgb', contrast=1.0, depth=0.0, flipHoriz=False, flipVert=False, image=str(...), interpolate=True, mask=None, maskParams=None, name='response1disk', opacity=1.0, ori=0.0, pos=array([0.09, 0.09]), size=array([0.15, 0.15]), texRes=128, units='height', win=Window(...))
69.0280 	EXP 	Created response2disk = ImageStim(__class__=<class 'psychopy.visual.image.ImageStim'>, autoLog=True, color=array([1., 1., 1.]), colorSpace='rgb', contrast=1.0, depth=-1.0, flipHoriz=False, flipVert=False, image=str(...), interpolate=True, mask=None, maskParams=None, name='response2disk', opacity=1.0, ori=0.0, pos=array([0.09, 0.09]), size=array([0.15, 0.15]), texRes=128, units='height', win=Window(...))
69.0350 	EXP 	Created response3disk = ImageStim(__class__=<class 'psychopy.visual.image.ImageStim'>, autoLog=True, color=array([1., 1., 1.]), colorSpace='rgb', contrast=1.0, depth=-2.0, flipHoriz=False, flipVert=False, image=str(...), interpolate=True, mask=None, maskParams=None, name='response3disk', opacity=1.0, ori=0.0, pos=array([ 0.09, -0.09]), size=array([0.15, 0.15]), texRes=128, units='height', win=Window(...))
69.0433 	EXP 	Created response4disk = ImageStim(__class__=<class 'psychopy.visual.image.ImageStim'>, autoLog=True, color=array([1., 1., 1.]), colorSpace='rgb', contrast=1.0, depth=-3.0, flipHoriz=False, flipVert=False, image=str(...), interpolate=True, mask=None, maskParams=None, name='response4disk', opacity=1.0, ori=0.0, pos=array([ 0.09, -0.09]), size=array([0.15, 0.15]), texRes=128, units='height', win=Window(...))
69.0522 	EXP 	Created response5disk = ImageStim(__class__=<class 'psychopy.visual.image.ImageStim'>, autoLog=True, color=array([1., 1., 1.]), colorSpace='rgb', contrast=1.0, depth=-4.0, flipHoriz=False, flipVert=False, image=str(...), interpolate=True, mask=None, maskParams=None, name='response5disk', opacity=1.0, ori=0.0, pos=array([-0.09, -0.09]), size=array([0.15, 0.15]), texRes=128, units='height', win=Window(...))
69.0640 	EXP 	Created response6disk = ImageStim(__class__=<class 'psychopy.visual.image.ImageStim'>, autoLog=True, color=array([1., 1., 1.]), colorSpace='rgb', contrast=1.0, depth=-5.0, flipHoriz=False, flipVert=False, image=str(...), interpolate=True, mask=None, maskParams=None, name='response6disk', opacity=1.0, ori=0.0, pos=array([-0.09, -0.09]), size=array([0.15, 0.15]), texRes=128, units='height', win=Window(...))
69.0733 	EXP 	Created response7disk = ImageStim(__class__=<class 'psychopy.visual.image.ImageStim'>, autoLog=True, color=array([1., 1., 1.]), colorSpace='rgb', contrast=1.0, depth=-6.0, flipHoriz=False, flipVert=False, image=str(...), interpolate=True, mask=None, maskParams=None, name='response7disk', opacity=1.0, ori=0.0, pos=array([-0.09,  0.09]), size=array([0.15, 0.15]), texRes=128, units='height', win=Window(...))
69.0798 	EXP 	Created response8disk = ImageStim(__class__=<class 'psychopy.visual.image.ImageStim'>, autoLog=True, color=array([1., 1., 1.]), colorSpace='rgb', contrast=1.0, depth=-7.0, flipHoriz=False, flipVert=False, image=str(...), interpolate=True, mask=None, maskParams=None, name='response8disk', opacity=1.0, ori=0.0, pos=array([-0.09,  0.09]), size=array([0.15, 0.15]), texRes=128, units='height', win=Window(...))
69.1273 	EXP 	Created Circle_2 = Polygon(__class__=<class 'psychopy.visual.polygon.Polygon'>, autoDraw=False, autoLog=True, closeShape=True, color=method-wrapper(...), colorSpace=None, contrast=1.0, depth=-9.0, fillColor=array([1., 1., 1.]), fillColorSpace='rgb255', fillRGB=array([1., 1., 1.]), interpolate=True, lineColor=None, lineColorSpace='rgb', lineRGB=None, lineWidth=1, name='Circle_2', opacity=1.0, ori=array(0.), pos=array([0., 0.]), size=array([0.1, 0.1]), units='height', vertices=ndarray(...), win=Window(...))
69.1380 	EXP 	Created response1disk = ImageStim(__class__=<class 'psychopy.visual.image.ImageStim'>, autoLog=True, color=array([1., 1., 1.]), colorSpace='rgb', contrast=1.0, depth=0.0, flipHoriz=False, flipVert=False, image=str(...), interpolate=True, mask=None, maskParams=None, name='response1disk', opacity=1.0, ori=0.0, pos=array([0.09, 0.09]), size=array([0.15, 0.15]), texRes=128, units='height', win=Window(...))
69.1466 	EXP 	Created response2disk = ImageStim(__class__=<class 'psychopy.visual.image.ImageStim'>, autoLog=True, color=array([1., 1., 1.]), colorSpace='rgb', contrast=1.0, depth=-1.0, flipHoriz=False, flipVert=False, image=str(...), interpolate=True, mask=None, maskParams=None, name='response2disk', opacity=1.0, ori=0.0, pos=array([0.09, 0.09]), size=array([0.15, 0.15]), texRes=128, units='height', win=Window(...))
69.1535 	EXP 	Created response3disk = ImageStim(__class__=<class 'psychopy.visual.image.ImageStim'>, autoLog=True, color=array([1., 1., 1.]), colorSpace='rgb', contrast=1.0, depth=-2.0, flipHoriz=False, flipVert=False, image=str(...), interpolate=True, mask=None, maskParams=None, name='response3disk', opacity=1.0, ori=0.0, pos=array([ 0.09, -0.09]), size=array([0.15, 0.15]), texRes=128, units='height', win=Window(...))
69.1607 	EXP 	Created response4disk = ImageStim(__class__=<class 'psychopy.visual.image.ImageStim'>, autoLog=True, color=array([1., 1., 1.]), colorSpace='rgb', contrast=1.0, depth=-3.0, flipHoriz=False, flipVert=False, image=str(...), interpolate=True, mask=None, maskParams=None, name='response4disk', opacity=1.0, ori=0.0, pos=array([ 0.09, -0.09]), size=array([0.15, 0.15]), texRes=128, units='height', win=Window(...))
69.1659 	EXP 	Created response5disk = ImageStim(__class__=<class 'psychopy.visual.image.ImageStim'>, autoLog=True, color=array([1., 1., 1.]), colorSpace='rgb', contrast=1.0, depth=-4.0, flipHoriz=False, flipVert=False, image=str(...), interpolate=True, mask=None, maskParams=None, name='response5disk', opacity=1.0, ori=0.0, pos=array([-0.09, -0.09]), size=array([0.15, 0.15]), texRes=128, units='height', win=Window(...))
69.1727 	EXP 	Created response6disk = ImageStim(__class__=<class 'psychopy.visual.image.ImageStim'>, autoLog=True, color=array([1., 1., 1.]), colorSpace='rgb', contrast=1.0, depth=-5.0, flipHoriz=False, flipVert=False, image=str(...), interpolate=True, mask=None, maskParams=None, name='response6disk', opacity=1.0, ori=0.0, pos=array([-0.09, -0.09]), size=array([0.15, 0.15]), texRes=128, units='height', win=Window(...))
69.1807 	EXP 	Created response7disk = ImageStim(__class__=<class 'psychopy.visual.image.ImageStim'>, autoLog=True, color=array([1., 1., 1.]), colorSpace='rgb', contrast=1.0, depth=-6.0, flipHoriz=False, flipVert=False, image=str(...), interpolate=True, mask=None, maskParams=None, name='response7disk', opacity=1.0, ori=0.0, pos=array([-0.09,  0.09]), size=array([0.15, 0.15]), texRes=128, units='height', win=Window(...))
69.1845 	EXP 	Created response8disk = ImageStim(__class__=<class 'psychopy.visual.image.ImageStim'>, autoLog=True, color=array([1., 1., 1.]), colorSpace='rgb', contrast=1.0, depth=-7.0, flipHoriz=False, flipVert=False, image=str(...), interpolate=True, mask=None, maskParams=None, name='response8disk', opacity=1.0, ori=0.0, pos=array([-0.09,  0.09]), size=array([0.15, 0.15]), texRes=128, units='height', win=Window(...))
69.2012 	EXP 	Created Circle_2 = Polygon(__class__=<class 'psychopy.visual.polygon.Polygon'>, autoDraw=False, autoLog=True, closeShape=True, color=method-wrapper(...), colorSpace=None, contrast=1.0, depth=-9.0, fillColor=array([1., 1., 1.]), fillColorSpace='rgb255', fillRGB=array([1., 1., 1.]), interpolate=True, lineColor=None, lineColorSpace='rgb', lineRGB=None, lineWidth=1, name='Circle_2', opacity=1.0, ori=array(0.), pos=array([0., 0.]), size=array([0.1, 0.1]), units='height', vertices=ndarray(...), win=Window(...))
69.3833 	EXP 	Created welcome = TextStim(__class__=<class 'psychopy.visual.text.TextStim'>, alignHoriz=method-wrapper(...), alignText='center', alignVert=method-wrapper(...), anchorHoriz='center', anchorVert='center', antialias=True, autoLog=True, bold=False, color='yellow', colorSpace='named', contrast=1.0, depth=0.0, flipHoriz=False, flipVert=False, font='Arial', fontFiles=[], height=0.08, italic=False, languageStyle='LTR', name='welcome', opacity=1.0, ori=0, pos=array([0., 0.]), rgb=array([255., 255.,   0.]), text=str(...), units='height', win=Window(...), wrapWidth=2)
69.4286 	EXP 	Created space = TextStim(__class__=<class 'psychopy.visual.text.TextStim'>, alignHoriz=method-wrapper(...), alignText='center', alignVert=method-wrapper(...), anchorHoriz='center', anchorVert='center', antialias=True, autoLog=True, bold=False, color='yellow', colorSpace='named', contrast=1.0, depth=-2.0, flipHoriz=False, flipVert=False, font='Arial', fontFiles=[], height=0.03, italic=False, languageStyle='LTR', name='space', opacity=1.0, ori=0, pos=array([ 0.4, -0.4]), rgb=array([255., 255.,   0.]), text='Press SPACE to continue ', units='height', win=Window(...), wrapWidth=1)
69.4952 	EXP 	Created image = ImageStim(__class__=<class 'psychopy.visual.image.ImageStim'>, autoLog=True, color=array([1., 1., 1.]), colorSpace='rgb', contrast=1.0, depth=0.0, flipHoriz=False, flipVert=False, image=str(...), interpolate=True, mask=None, maskParams=None, name='image', opacity=1.0, ori=0.0, pos=array([0., 0.]), size=array([1., 1.]), texRes=128, units='height', win=Window(...))
69.5724 	EXP 	Created slider = RatingScale(__class__=type(...), acceptKeys=['return'], acceptPreText=UNKNOWN, acceptSize=UNKNOWN, acceptText='accept?', autoLog=True, choices=False, depth=0, disappear=False, flipVert=False, high=7, kwargs=UNKNOWN, labels=list(...), leftKeys=['left'], lineColor='White', low=1, marker=ShapeStim(...), markerColor='DarkBlue', markerExpansion=UNKNOWN, markerStart=None, maxTime=0.0, minTime=0.4, mouseOnly=False, name='slider', noMouse=False, pos=[0.0, -0.4], precision=1, respKeys=['1', '2', '3', '4', '5', '6', '7'], rightKeys=['right'], scale='', self=UNKNOWN, showAccept=True, showValue=True, singleClick=False, size=0.6, skipKeys=['tab'], stretch=1.0, textColor='LightGray', textFont='Helvetica Bold', textSize=0.12, tickHeight=1.0, tickMarks=6.0, win=Window(...))
69.6280 	EXP 	Created text_1 = TextStim(__class__=<class 'psychopy.visual.text.TextStim'>, alignHoriz=method-wrapper(...), alignText='center', alignVert=method-wrapper(...), anchorHoriz='center', anchorVert='center', antialias=True, autoLog=True, bold=False, color='yellow', colorSpace='named', contrast=1.0, depth=0.0, flipHoriz=False, flipVert=False, font='Arial', fontFiles=[], height=0.04, italic=False, languageStyle='LTR', name='text_1', opacity=1.0, ori=0, pos=array([0. , 0.3]), rgb=array([255., 255.,   0.]), text=str(...), units='height', win=Window(...), wrapWidth=1.5)
69.6588 	EXP 	Created space_2 = TextStim(__class__=<class 'psychopy.visual.text.TextStim'>, alignHoriz=method-wrapper(...), alignText='center', alignVert=method-wrapper(...), anchorHoriz='center', anchorVert='center', antialias=True, autoLog=True, bold=False, color='yellow', colorSpace='named', contrast=1.0, depth=-1.0, flipHoriz=False, flipVert=False, font='Arial', fontFiles=[], height=0.03, italic=False, languageStyle='LTR', name='space_2', opacity=1.0, ori=0, pos=array([ 0.4, -0.4]), rgb=array([255., 255.,   0.]), text='Press SPACE to continue ', units='height', win=Window(...), wrapWidth=1)
69.6931 	EXP 	Created text_2 = TextStim(__class__=<class 'psychopy.visual.text.TextStim'>, alignHoriz=method-wrapper(...), alignText='center', alignVert=method-wrapper(...), anchorHoriz='center', anchorVert='center', antialias=True, autoLog=True, bold=False, color='red', colorSpace='named', contrast=1.0, depth=-2.0, flipHoriz=False, flipVert=False, font='Arial', fontFiles=[], height=0.04, italic=False, languageStyle='LTR', name='text_2', opacity=1.0, ori=0, pos=array([ 0. , -0.3]), rgb=array([255.,   0.,   0.]), text=str(...), units='height', win=Window(...), wrapWidth=1.5)
69.7459 	EXP 	Created text = TextStim(__class__=<class 'psychopy.visual.text.TextStim'>, alignHoriz=method-wrapper(...), alignText='center', alignVert=method-wrapper(...), anchorHoriz='center', anchorVert='center', antialias=True, autoLog=True, bold=False, color='yellow', colorSpace='named', contrast=1.0, depth=-1.0, flipHoriz=False, flipVert=False, font='Arial', fontFiles=[], height=0.03, italic=False, languageStyle='LTR', name='text', opacity=1.0, ori=0, pos=array([ 0. , -0.2]), rgb=array([255., 255.,   0.]), text=str(...), units='height', win=Window(...), wrapWidth=1.5)
69.7920 	EXP 	Created text_3 = TextStim(__class__=<class 'psychopy.visual.text.TextStim'>, alignHoriz=method-wrapper(...), alignText='center', alignVert=method-wrapper(...), anchorHoriz='center', anchorVert='center', antialias=True, autoLog=True, bold=False, color='yellow', colorSpace='named', contrast=1.0, depth=-3.0, flipHoriz=False, flipVert=False, font='Arial', fontFiles=[], height=0.03, italic=False, languageStyle='LTR', name='text_3', opacity=1.0, ori=0, pos=array([ 0. , -0.3]), rgb=array([255., 255.,   0.]), text=str(...), units='height', win=Window(...), wrapWidth=1.5)
69.7984 	EXP 	Created space_3 = TextStim(__class__=<class 'psychopy.visual.text.TextStim'>, alignHoriz=method-wrapper(...), alignText='center', alignVert=method-wrapper(...), anchorHoriz='center', anchorVert='center', antialias=True, autoLog=True, bold=False, color='yellow', colorSpace='named', contrast=1.0, depth=-4.0, flipHoriz=False, flipVert=False, font='Arial', fontFiles=[], height=0.03, italic=False, languageStyle='LTR', name='space_3', opacity=1.0, ori=0, pos=array([ 0.4, -0.4]), rgb=array([255., 255.,   0.]), text='Press SPACE to continue ', units='height', win=Window(...), wrapWidth=1)
69.8316 	EXP 	Created text_4 = TextStim(__class__=<class 'psychopy.visual.text.TextStim'>, alignHoriz=method-wrapper(...), alignText='center', alignVert=method-wrapper(...), anchorHoriz='center', anchorVert='center', antialias=True, autoLog=True, bold=False, color='yellow', colorSpace='named', contrast=1.0, depth=0.0, flipHoriz=False, flipVert=False, font='Arial', fontFiles=[], height=0.03, italic=False, languageStyle='LTR', name='text_4', opacity=1.0, ori=0, pos=array([0. , 0.2]), rgb=array([255., 255.,   0.]), text=str(...), units='height', win=Window(...), wrapWidth=1)
69.8597 	EXP 	Created calibrationline = ImageStim(__class__=<class 'psychopy.visual.image.ImageStim'>, autoLog=True, color=array([1., 1., 1.]), colorSpace='rgb', contrast=1.0, depth=-2.0, flipHoriz=False, flipVert=False, image=str(...), interpolate=True, mask=None, maskParams=None, name='calibrationline', opacity=1.0, ori=0.0, pos=array([ 0. , -0.2]), size=array([0.1, 0.2]), texRes=128, units='height', win=Window(...))
69.9153 	EXP 	Created text_5 = TextStim(__class__=<class 'psychopy.visual.text.TextStim'>, alignHoriz=method-wrapper(...), alignText='center', alignVert=method-wrapper(...), anchorHoriz='center', anchorVert='center', antialias=True, autoLog=True, bold=False, color='yellow', colorSpace='named', contrast=1.0, depth=0.0, flipHoriz=False, flipVert=False, font='Arial', fontFiles=[], height=0.03, italic=False, languageStyle='LTR', name='text_5', opacity=1.0, ori=0, pos=array([0., 0.]), rgb=array([255., 255.,   0.]), text=str(...), units='height', win=Window(...), wrapWidth=2)
69.9382 	EXP 	Created space_4 = TextStim(__class__=<class 'psychopy.visual.text.TextStim'>, alignHoriz=method-wrapper(...), alignText='center', alignVert=method-wrapper(...), anchorHoriz='center', anchorVert='center', antialias=True, autoLog=True, bold=False, color='yellow', colorSpace='named', contrast=1.0, depth=-2.0, flipHoriz=False, flipVert=False, font='Arial', fontFiles=[], height=0.03, italic=False, languageStyle='LTR', name='space_4', opacity=1.0, ori=0, pos=array([ 0.4, -0.4]), rgb=array([255., 255.,   0.]), text='Press SPACE to continue ', units='height', win=Window(...), wrapWidth=1)
69.9583 	EXP 	Created space_5 = TextStim(__class__=<class 'psychopy.visual.text.TextStim'>, alignHoriz=method-wrapper(...), alignText='center', alignVert=method-wrapper(...), anchorHoriz='center', anchorVert='center', antialias=True, autoLog=True, bold=False, color='yellow', colorSpace='named', contrast=1.0, depth=-1.0, flipHoriz=False, flipVert=False, font='Arial', fontFiles=[], height=0.03, italic=False, languageStyle='LTR', name='space_5', opacity=1.0, ori=0, pos=array([ 0.4, -0.4]), rgb=array([255., 255.,   0.]), text='Press SPACE to continue ', units='height', win=Window(...), wrapWidth=1)
69.9685 	EXP 	Created instr_only = TextStim(__class__=<class 'psychopy.visual.text.TextStim'>, alignHoriz=method-wrapper(...), alignText='center', alignVert=method-wrapper(...), anchorHoriz='center', anchorVert='center', antialias=True, autoLog=True, bold=False, color='yellow', colorSpace='named', contrast=1.0, depth=-2.0, flipHoriz=False, flipVert=False, font='Arial', fontFiles=[], height=0.05, italic=False, languageStyle='LTR', name='instr_only', opacity=1.0, ori=0, pos=array([0. , 0.3]), rgb=array([255., 255.,   0.]), text='INSTRUCTIONS ONLY', units='height', win=Window(...), wrapWidth=1)
69.9877 	EXP 	Created text_6 = TextStim(__class__=<class 'psychopy.visual.text.TextStim'>, alignHoriz=method-wrapper(...), alignText='center', alignVert=method-wrapper(...), anchorHoriz='center', anchorVert='center', antialias=True, autoLog=True, bold=False, color='yellow', colorSpace='named', contrast=1.0, depth=-3.0, flipHoriz=False, flipVert=False, font='Arial', fontFiles=[], height=0.04, italic=False, languageStyle='LTR', name='text_6', opacity=1.0, ori=0, pos=array([ 0. , -0.3]), rgb=array([255., 255.,   0.]), text='1. Put a finger on <ENTER> on the keyboard.', units='height', win=Window(...), wrapWidth=1.5)
70.0165 	EXP 	Created space_7 = TextStim(__class__=<class 'psychopy.visual.text.TextStim'>, alignHoriz=method-wrapper(...), alignText='center', alignVert=method-wrapper(...), anchorHoriz='center', anchorVert='center', antialias=True, autoLog=True, bold=False, color='yellow', colorSpace='named', contrast=1.0, depth=-1.0, flipHoriz=False, flipVert=False, font='Arial', fontFiles=[], height=0.03, italic=False, languageStyle='LTR', name='space_7', opacity=1.0, ori=0, pos=array([ 0.4, -0.4]), rgb=array([255., 255.,   0.]), text='Press SPACE to continue ', units='height', win=Window(...), wrapWidth=1)
70.0234 	EXP 	Created instr_only_3 = TextStim(__class__=<class 'psychopy.visual.text.TextStim'>, alignHoriz=method-wrapper(...), alignText='center', alignVert=method-wrapper(...), anchorHoriz='center', anchorVert='center', antialias=True, autoLog=True, bold=False, color='yellow', colorSpace='named', contrast=1.0, depth=-2.0, flipHoriz=False, flipVert=False, font='Arial', fontFiles=[], height=0.05, italic=False, languageStyle='LTR', name='instr_only_3', opacity=1.0, ori=0, pos=array([0. , 0.3]), rgb=array([255., 255.,   0.]), text='INSTRUCTIONS ONLY', units='height', win=Window(...), wrapWidth=1)
70.0323 	EXP 	Created text_8 = TextStim(__class__=<class 'psychopy.visual.text.TextStim'>, alignHoriz=method-wrapper(...), alignText='center', alignVert=method-wrapper(...), anchorHoriz='center', anchorVert='center', antialias=True, autoLog=True, bold=False, color='yellow', colorSpace='named', contrast=1.0, depth=-3.0, flipHoriz=False, flipVert=False, font='Arial', fontFiles=[], height=0.04, italic=False, languageStyle='LTR', name='text_8', opacity=1.0, ori=0, pos=array([ 0. , -0.3]), rgb=array([255., 255.,   0.]), text='2. Close your right eye', units='height', win=Window(...), wrapWidth=1)
70.0551 	EXP 	Created space_6 = TextStim(__class__=<class 'psychopy.visual.text.TextStim'>, alignHoriz=method-wrapper(...), alignText='center', alignVert=method-wrapper(...), anchorHoriz='center', anchorVert='center', antialias=True, autoLog=True, bold=False, color='yellow', colorSpace='named', contrast=1.0, depth=-1.0, flipHoriz=False, flipVert=False, font='Arial', fontFiles=[], height=0.03, italic=False, languageStyle='LTR', name='space_6', opacity=1.0, ori=0, pos=array([ 0.4, -0.4]), rgb=array([255., 255.,   0.]), text='Press SPACE to continue ', units='height', win=Window(...), wrapWidth=1)
70.0611 	EXP 	Created instr_only_2 = TextStim(__class__=<class 'psychopy.visual.text.TextStim'>, alignHoriz=method-wrapper(...), alignText='center', alignVert=method-wrapper(...), anchorHoriz='center', anchorVert='center', antialias=True, autoLog=True, bold=False, color='yellow', colorSpace='named', contrast=1.0, depth=-2.0, flipHoriz=False, flipVert=False, font='Arial', fontFiles=[], height=0.05, italic=False, languageStyle='LTR', name='instr_only_2', opacity=1.0, ori=0, pos=array([0. , 0.3]), rgb=array([255., 255.,   0.]), text='INSTRUCTIONS ONLY', units='height', win=Window(...), wrapWidth=1)
70.0981 	EXP 	Created text_7 = TextStim(__class__=<class 'psychopy.visual.text.TextStim'>, alignHoriz=method-wrapper(...), alignText='center', alignVert=method-wrapper(...), anchorHoriz='center', anchorVert='center', antialias=True, autoLog=True, bold=False, color='yellow', colorSpace='named', contrast=1.0, depth=-3.0, flipHoriz=False, flipVert=False, font='Arial', fontFiles=[], height=0.03, italic=False, languageStyle='LTR', name='text_7', opacity=1.0, ori=0, pos=array([ 0. , -0.3]), rgb=array([255., 255.,   0.]), text=str(...), units='height', win=Window(...), wrapWidth=1.5)
70.1029 	EXP 	Created center_cross = ShapeStim(__class__=<class 'psychopy.visual.shape.ShapeStim'>, autoDraw=False, autoLog=True, closeShape=True, contrast=1.0, depth=-4.0, fillColor=array([1., 1., 1.]), fillColorSpace='rgb', interpolate=True, lineColor=array([1., 1., 1.]), lineColorSpace='rgb', lineWidth=1.5, name='center_cross', opacity=1.0, ori=array(0.), pos=array([0., 0.]), size=array([0.05, 0.05]), units='norm', vertices=ndarray(...), win=Window(...), windingRule=None)
70.1322 	EXP 	Created intructioncircle_1 = Polygon(__class__=<class 'psychopy.visual.polygon.Polygon'>, autoDraw=False, autoLog=True, closeShape=True, color=method-wrapper(...), colorSpace=None, contrast=1.0, depth=-2.0, fillColor=array([255.,   0.,   0.]), fillColorSpace='rgb255', fillRGB=array([255.,   0.,   0.]), interpolate=True, lineColor=None, lineColorSpace='rgb', lineRGB=None, lineWidth=1, name='intructioncircle_1', opacity=1.0, ori=array(0.), pos=array([0., 0.]), size=array([0.05, 0.05]), units='height', vertices=ndarray(...), win=Window(...))
70.1515 	EXP 	Created instructioncircle_2 = Polygon(__class__=<class 'psychopy.visual.polygon.Polygon'>, autoDraw=False, autoLog=True, closeShape=True, color=method-wrapper(...), colorSpace=None, contrast=1.0, depth=-3.0, fillColor=array([255., 170.,   0.]), fillColorSpace='rgb255', fillRGB=array([255., 170.,   0.]), interpolate=True, lineColor=None, lineColorSpace='rgb', lineRGB=None, lineWidth=1, name='instructioncircle_2', opacity=1.0, ori=array(0.), pos=array([0., 0.]), size=array([0.05, 0.05]), units='height', vertices=ndarray(...), win=Window(...))
70.1707 	EXP 	Created instructioncircle_3 = Polygon(__class__=<class 'psychopy.visual.polygon.Polygon'>, autoDraw=False, autoLog=True, closeShape=True, color=method-wrapper(...), colorSpace=None, contrast=1.0, depth=-4.0, fillColor=array([170., 255.,   0.]), fillColorSpace='rgb255', fillRGB=array([170., 255.,   0.]), interpolate=True, lineColor=array([170., 255.,   0.]), lineColorSpace='rgb', lineRGB=array([170., 255.,   0.]), lineWidth=1, name='instructioncircle_3', opacity=1.0, ori=array(0.), pos=array([0., 0.]), size=array([0.05, 0.05]), units='height', vertices=ndarray(...), win=Window(...))
70.1869 	EXP 	Created instructioncircle_4 = Polygon(__class__=<class 'psychopy.visual.polygon.Polygon'>, autoDraw=False, autoLog=True, closeShape=True, color=method-wrapper(...), colorSpace=None, contrast=1.0, depth=-5.0, fillColor=array([  0., 255.,   0.]), fillColorSpace='rgb255', fillRGB=array([  0., 255.,   0.]), interpolate=True, lineColor=None, lineColorSpace='rgb', lineRGB=None, lineWidth=1, name='instructioncircle_4', opacity=1.0, ori=array(0.), pos=array([0., 0.]), size=array([0.05, 0.05]), units='height', vertices=ndarray(...), win=Window(...))
70.2034 	EXP 	Created instructioncircle_5 = Polygon(__class__=<class 'psychopy.visual.polygon.Polygon'>, autoDraw=False, autoLog=True, closeShape=True, color=method-wrapper(...), colorSpace=None, contrast=1.0, depth=-6.0, fillColor=array([  0., 255., 169.]), fillColorSpace='rgb255', fillRGB=array([  0., 255., 169.]), interpolate=True, lineColor=None, lineColorSpace='rgb', lineRGB=None, lineWidth=1, name='instructioncircle_5', opacity=1.0, ori=array(0.), pos=array([0., 0.]), size=array([0.05, 0.05]), units='height', vertices=ndarray(...), win=Window(...))
70.2341 	EXP 	Created insturctioncircle_6 = Polygon(__class__=<class 'psychopy.visual.polygon.Polygon'>, autoDraw=False, autoLog=True, closeShape=True, color=method-wrapper(...), colorSpace=None, contrast=1.0, depth=-7.0, fillColor=array([  0., 169., 255.]), fillColorSpace='rgb255', fillRGB=array([  0., 169., 255.]), interpolate=True, lineColor=None, lineColorSpace='rgb', lineRGB=None, lineWidth=1, name='insturctioncircle_6', opacity=1.0, ori=array(0.), pos=array([0., 0.]), size=array([0.05, 0.05]), units='height', vertices=ndarray(...), win=Window(...))
70.2501 	EXP 	Created instructioncircle_7 = Polygon(__class__=<class 'psychopy.visual.polygon.Polygon'>, autoDraw=False, autoLog=True, closeShape=True, color=method-wrapper(...), colorSpace=None, contrast=1.0, depth=-8.0, fillColor=array([  0.,   0., 255.]), fillColorSpace='rgb255', fillRGB=array([  0.,   0., 255.]), interpolate=True, lineColor=None, lineColorSpace='rgb', lineRGB=None, lineWidth=1, name='instructioncircle_7', opacity=1.0, ori=array(0.), pos=array([0., 0.]), size=array([0.05, 0.05]), units='height', vertices=ndarray(...), win=Window(...))
70.2668 	EXP 	Created instructioncircle_8 = Polygon(__class__=<class 'psychopy.visual.polygon.Polygon'>, autoDraw=False, autoLog=True, closeShape=True, color=method-wrapper(...), colorSpace=None, contrast=1.0, depth=-9.0, fillColor=array([170.,   0., 255.]), fillColorSpace='rgb255', fillRGB=array([170.,   0., 255.]), interpolate=True, lineColor=None, lineColorSpace='rgb', lineRGB=None, lineWidth=1, name='instructioncircle_8', opacity=1.0, ori=array(0.), pos=array([0., 0.]), size=array([0.05, 0.05]), units='height', vertices=ndarray(...), win=Window(...))
70.2834 	EXP 	Created instructioncircle_9 = Polygon(__class__=<class 'psychopy.visual.polygon.Polygon'>, autoDraw=False, autoLog=True, closeShape=True, color=method-wrapper(...), colorSpace=None, contrast=1.0, depth=-10.0, fillColor=array([255.,   0., 170.]), fillColorSpace='rgb255', fillRGB=array([255.,   0., 170.]), interpolate=True, lineColor=None, lineColorSpace='rgb', lineRGB=None, lineWidth=1, name='instructioncircle_9', opacity=1.0, ori=array(0.), pos=array([0., 0.]), size=array([0.05, 0.05]), units='height', vertices=ndarray(...), win=Window(...))
70.2869 	EXP 	Created space_9 = TextStim(__class__=<class 'psychopy.visual.text.TextStim'>, alignHoriz=method-wrapper(...), alignText='center', alignVert=method-wrapper(...), anchorHoriz='center', anchorVert='center', antialias=True, autoLog=True, bold=False, color='yellow', colorSpace='named', contrast=1.0, depth=-11.0, flipHoriz=False, flipVert=False, font='Arial', fontFiles=[], height=0.03, italic=False, languageStyle='LTR', name='space_9', opacity=1.0, ori=0, pos=array([ 0.4, -0.4]), rgb=array([255., 255.,   0.]), text='Press SPACE to continue ', units='height', win=Window(...), wrapWidth=1)
70.2953 	EXP 	Created text_9 = TextStim(__class__=<class 'psychopy.visual.text.TextStim'>, alignHoriz=method-wrapper(...), alignText='center', alignVert=method-wrapper(...), anchorHoriz='center', anchorVert='center', antialias=True, autoLog=True, bold=False, color='yellow', colorSpace='named', contrast=1.0, depth=-12.0, flipHoriz=False, flipVert=False, font='Arial', fontFiles=[], height=0.03, italic=False, languageStyle='LTR', name='text_9', opacity=1.0, ori=0, pos=array([0. , 0.4]), rgb=array([255., 255.,   0.]), text=str(...), units='height', win=Window(...), wrapWidth=1)
70.2989 	EXP 	Created space_10 = TextStim(__class__=<class 'psychopy.visual.text.TextStim'>, alignHoriz=method-wrapper(...), alignText='center', alignVert=method-wrapper(...), anchorHoriz='center', anchorVert='center', antialias=True, autoLog=True, bold=False, color='yellow', colorSpace='named', contrast=1.0, depth=0.0, flipHoriz=False, flipVert=False, font='Arial', fontFiles=[], height=0.03, italic=False, languageStyle='LTR', name='space_10', opacity=1.0, ori=0, pos=array([ 0.4, -0.4]), rgb=array([255., 255.,   0.]), text='Press SPACE to continue ', units='height', win=Window(...), wrapWidth=1)
70.3115 	EXP 	Created text_10 = TextStim(__class__=<class 'psychopy.visual.text.TextStim'>, alignHoriz=method-wrapper(...), alignText='center', alignVert=method-wrapper(...), anchorHoriz='center', anchorVert='center', antialias=True, autoLog=True, bold=False, color='yellow', colorSpace='named', contrast=1.0, depth=-1.0, flipHoriz=False, flipVert=False, font='Arial', fontFiles=[], height=0.03, italic=False, languageStyle='LTR', name='text_10', opacity=1.0, ori=0, pos=array([0., 0.]), rgb=array([255., 255.,   0.]), text=str(...), units='height', win=Window(...), wrapWidth=1)
70.3314 	EXP 	Imported Circlecolours.xlsx as conditions, 7 conditions, 2 params
70.3321 	EXP 	Created sequence: random, trialTypes=7, nReps=18, seed=None
70.3326 	EXP 	New trial (rep=0, index=0): OrderedDict([('Colour_1', '(255,0,170)'), ('Colour_2', '(255,0,170)')])
70.3570 	EXP 	slider: flipVert = False
70.3570 	EXP 	slider: autoLog = True
70.3570 	EXP 	Circle_1: autoDraw = True
70.3570 	EXP 	centre_cross4: autoDraw = True
70.6074 	EXP 	Circle_1: autoDraw = False
70.8569 	EXP 	Circle_1: autoDraw = False
70.8569 	EXP 	centre_cross4: autoDraw = False
70.8569 	EXP 	response1disk: autoDraw = True
70.8569 	EXP 	response2disk: autoDraw = True
70.8569 	EXP 	response3disk: autoDraw = True
70.8569 	EXP 	response4disk: autoDraw = True
70.8569 	EXP 	response5disk: autoDraw = True
70.8569 	EXP 	response6disk: autoDraw = True
70.8569 	EXP 	response7disk: autoDraw = True
70.8569 	EXP 	response8disk: autoDraw = True
70.8569 	EXP 	Circle_2: autoDraw = True
73.0094 	DATA 	Mouse: Left button down, pos=(576,303)
73.0220 	EXP 	New trial (rep=0, index=1): OrderedDict([('Colour_1', '(0,255,169)'), ('Colour_2', '(0,255,169)')])
73.0410 	EXP 	response1disk: autoDraw = False
73.0410 	EXP 	response2disk: autoDraw = False
73.0410 	EXP 	response3disk: autoDraw = False
73.0410 	EXP 	response4disk: autoDraw = False
73.0410 	EXP 	response5disk: autoDraw = False
73.0410 	EXP 	response6disk: autoDraw = False
73.0410 	EXP 	response7disk: autoDraw = False
73.0410 	EXP 	response8disk: autoDraw = False
73.0410 	EXP 	Circle_2: autoDraw = False
73.0410 	EXP 	Circle_1: autoDraw = True
73.0410 	EXP 	centre_cross4: autoDraw = True
73.1440 	DATA 	Mouse:  Left button up, pos=(576,303)
73.2918 	EXP 	Circle_1: autoDraw = False
73.5424 	EXP 	Circle_1: autoDraw = False
73.5424 	EXP 	centre_cross4: autoDraw = False
73.5424 	EXP 	response1disk: autoDraw = True
73.5424 	EXP 	response2disk: autoDraw = True
73.5424 	EXP 	response3disk: autoDraw = True
73.5424 	EXP 	response4disk: autoDraw = True
73.5424 	EXP 	response5disk: autoDraw = True
73.5424 	EXP 	response6disk: autoDraw = True
73.5424 	EXP 	response7disk: autoDraw = True
73.5424 	EXP 	response8disk: autoDraw = True
73.5424 	EXP 	Circle_2: autoDraw = True
74.3933 	DATA 	Mouse: Left button down, pos=(684,318)
74.4017 	EXP 	New trial (rep=0, index=2): OrderedDict([('Colour_1', '(255,0,0)'), ('Colour_2', '(255,0,0)')])
74.4257 	EXP 	response1disk: autoDraw = False
74.4257 	EXP 	response2disk: autoDraw = False
74.4257 	EXP 	response3disk: autoDraw = False
74.4257 	EXP 	response4disk: autoDraw = False
74.4257 	EXP 	response5disk: autoDraw = False
74.4257 	EXP 	response6disk: autoDraw = False
74.4257 	EXP 	response7disk: autoDraw = False
74.4257 	EXP 	response8disk: autoDraw = False
74.4257 	EXP 	Circle_2: autoDraw = False
74.4257 	EXP 	Circle_1: autoDraw = True
74.4257 	EXP 	centre_cross4: autoDraw = True
74.4956 	DATA 	Mouse:  Left button up, pos=(684,318)
74.6761 	EXP 	Circle_1: autoDraw = False
74.9257 	EXP 	Circle_1: autoDraw = False
74.9257 	EXP 	centre_cross4: autoDraw = False
74.9257 	EXP 	response1disk: autoDraw = True
74.9257 	EXP 	response2disk: autoDraw = True
74.9257 	EXP 	response3disk: autoDraw = True
74.9257 	EXP 	response4disk: autoDraw = True
74.9257 	EXP 	response5disk: autoDraw = True
74.9257 	EXP 	response6disk: autoDraw = True
74.9257 	EXP 	response7disk: autoDraw = True
74.9257 	EXP 	response8disk: autoDraw = True
74.9257 	EXP 	Circle_2: autoDraw = True
75.8266 	DATA 	Mouse: Left button down, pos=(735,440)
75.8348 	EXP 	New trial (rep=0, index=3): OrderedDict([('Colour_1', '(255,170,0)'), ('Colour_2', '(255,170,0)')])
75.8596 	EXP 	response1disk: autoDraw = False
75.8596 	EXP 	response2disk: autoDraw = False
75.8596 	EXP 	response3disk: autoDraw = False
75.8596 	EXP 	response4disk: autoDraw = False
75.8596 	EXP 	response5disk: autoDraw = False
75.8596 	EXP 	response6disk: autoDraw = False
75.8596 	EXP 	response7disk: autoDraw = False
75.8596 	EXP 	response8disk: autoDraw = False
75.8596 	EXP 	Circle_2: autoDraw = False
75.8596 	EXP 	Circle_1: autoDraw = True
75.8596 	EXP 	centre_cross4: autoDraw = True
75.9450 	DATA 	Mouse:  Left button up, pos=(735,440)
76.1095 	EXP 	Circle_1: autoDraw = False
76.3587 	EXP 	Circle_1: autoDraw = False
76.3587 	EXP 	centre_cross4: autoDraw = False
76.3587 	EXP 	response1disk: autoDraw = True
76.3587 	EXP 	response2disk: autoDraw = True
76.3587 	EXP 	response3disk: autoDraw = True
76.3587 	EXP 	response4disk: autoDraw = True
76.3587 	EXP 	response5disk: autoDraw = True
76.3587 	EXP 	response6disk: autoDraw = True
76.3587 	EXP 	response7disk: autoDraw = True
76.3587 	EXP 	response8disk: autoDraw = True
76.3587 	EXP 	Circle_2: autoDraw = True
77.0779 	DATA 	Mouse: Left button down, pos=(682,482)
77.0872 	EXP 	New trial (rep=0, index=4): OrderedDict([('Colour_1', '(170,0,255)'), ('Colour_2', '(170,0,255)')])
77.1105 	EXP 	response1disk: autoDraw = False
77.1105 	EXP 	response2disk: autoDraw = False
77.1105 	EXP 	response3disk: autoDraw = False
77.1105 	EXP 	response4disk: autoDraw = False
77.1105 	EXP 	response5disk: autoDraw = False
77.1105 	EXP 	response6disk: autoDraw = False
77.1105 	EXP 	response7disk: autoDraw = False
77.1105 	EXP 	response8disk: autoDraw = False
77.1105 	EXP 	Circle_2: autoDraw = False
77.1105 	EXP 	Circle_1: autoDraw = True
77.1105 	EXP 	centre_cross4: autoDraw = True
77.1951 	DATA 	Mouse:  Left button up, pos=(682,482)
77.3764 	EXP 	Circle_1: autoDraw = False
77.6103 	EXP 	Circle_1: autoDraw = False
77.6103 	EXP 	centre_cross4: autoDraw = False
77.6103 	EXP 	response1disk: autoDraw = True
77.6103 	EXP 	response2disk: autoDraw = True
77.6103 	EXP 	response3disk: autoDraw = True
77.6103 	EXP 	response4disk: autoDraw = True
77.6103 	EXP 	response5disk: autoDraw = True
77.6103 	EXP 	response6disk: autoDraw = True
77.6103 	EXP 	response7disk: autoDraw = True
77.6103 	EXP 	response8disk: autoDraw = True
77.6103 	EXP 	Circle_2: autoDraw = True
78.3121 	DATA 	Mouse: Left button down, pos=(725,354)
78.3215 	EXP 	New trial (rep=0, index=5): OrderedDict([('Colour_1', '(0,255,0)'), ('Colour_2', '(0,255,0)')])
78.3440 	EXP 	response1disk: autoDraw = False
78.3440 	EXP 	response2disk: autoDraw = False
78.3440 	EXP 	response3disk: autoDraw = False
78.3440 	EXP 	response4disk: autoDraw = False
78.3440 	EXP 	response5disk: autoDraw = False
78.3440 	EXP 	response6disk: autoDraw = False
78.3440 	EXP 	response7disk: autoDraw = False
78.3440 	EXP 	response8disk: autoDraw = False
78.3440 	EXP 	Circle_2: autoDraw = False
78.3440 	EXP 	Circle_1: autoDraw = True
78.3440 	EXP 	centre_cross4: autoDraw = True
78.4127 	DATA 	Mouse:  Left button up, pos=(725,354)
78.5941 	EXP 	Circle_1: autoDraw = False
78.8444 	EXP 	Circle_1: autoDraw = False
78.8444 	EXP 	centre_cross4: autoDraw = False
78.8444 	EXP 	response1disk: autoDraw = True
78.8444 	EXP 	response2disk: autoDraw = True
78.8444 	EXP 	response3disk: autoDraw = True
78.8444 	EXP 	response4disk: autoDraw = True
78.8444 	EXP 	response5disk: autoDraw = True
78.8444 	EXP 	response6disk: autoDraw = True
78.8444 	EXP 	response7disk: autoDraw = True
78.8444 	EXP 	response8disk: autoDraw = True
78.8444 	EXP 	Circle_2: autoDraw = True
79.6148 	DATA 	Mouse: Left button down, pos=(685,298)
79.6384 	EXP 	New trial (rep=0, index=6): OrderedDict([('Colour_1', '(0,0,255)'), ('Colour_2', '(0,0,255)')])
79.6613 	EXP 	response1disk: autoDraw = False
79.6613 	EXP 	response2disk: autoDraw = False
79.6613 	EXP 	response3disk: autoDraw = False
79.6613 	EXP 	response4disk: autoDraw = False
79.6613 	EXP 	response5disk: autoDraw = False
79.6613 	EXP 	response6disk: autoDraw = False
79.6613 	EXP 	response7disk: autoDraw = False
79.6613 	EXP 	response8disk: autoDraw = False
79.6613 	EXP 	Circle_2: autoDraw = False
79.6613 	EXP 	Circle_1: autoDraw = True
79.6613 	EXP 	centre_cross4: autoDraw = True
79.7468 	DATA 	Mouse:  Left button up, pos=(685,298)
79.9116 	EXP 	Circle_1: autoDraw = False
80.1618 	EXP 	Circle_1: autoDraw = False
80.1618 	EXP 	centre_cross4: autoDraw = False
80.1618 	EXP 	response1disk: autoDraw = True
80.1618 	EXP 	response2disk: autoDraw = True
80.1618 	EXP 	response3disk: autoDraw = True
80.1618 	EXP 	response4disk: autoDraw = True
80.1618 	EXP 	response5disk: autoDraw = True
80.1618 	EXP 	response6disk: autoDraw = True
80.1618 	EXP 	response7disk: autoDraw = True
80.1618 	EXP 	response8disk: autoDraw = True
80.1618 	EXP 	Circle_2: autoDraw = True
80.9816 	DATA 	Mouse: Left button down, pos=(598,464)
81.0043 	EXP 	New trial (rep=1, index=0): OrderedDict([('Colour_1', '(0,255,169)'), ('Colour_2', '(0,255,169)')])
81.0288 	EXP 	response1disk: autoDraw = False
81.0288 	EXP 	response2disk: autoDraw = False
81.0288 	EXP 	response3disk: autoDraw = False
81.0288 	EXP 	response4disk: autoDraw = False
81.0288 	EXP 	response5disk: autoDraw = False
81.0288 	EXP 	response6disk: autoDraw = False
81.0288 	EXP 	response7disk: autoDraw = False
81.0288 	EXP 	response8disk: autoDraw = False
81.0288 	EXP 	Circle_2: autoDraw = False
81.0288 	EXP 	Circle_1: autoDraw = True
81.0288 	EXP 	centre_cross4: autoDraw = True
81.1143 	DATA 	Mouse:  Left button up, pos=(598,464)
81.2781 	EXP 	Circle_1: autoDraw = False
81.5291 	EXP 	Circle_1: autoDraw = False
81.5291 	EXP 	centre_cross4: autoDraw = False
81.5291 	EXP 	response1disk: autoDraw = True
81.5291 	EXP 	response2disk: autoDraw = True
81.5291 	EXP 	response3disk: autoDraw = True
81.5291 	EXP 	response4disk: autoDraw = True
81.5291 	EXP 	response5disk: autoDraw = True
81.5291 	EXP 	response6disk: autoDraw = True
81.5291 	EXP 	response7disk: autoDraw = True
81.5291 	EXP 	response8disk: autoDraw = True
81.5291 	EXP 	Circle_2: autoDraw = True
82.5744 	DATA 	Keypress: escape
83.0044 	EXP 	window1: mouseVisible = True
