0.9354 	WARNING 	We strongly recommend you activate the PTB sound engine in PsychoPy prefs as the preferred audio engine. Its timing is vastly superior. Your prefs are currently set to use ['sounddevice', 'pyo', 'pygame'] (in that order).
42.1589 	WARNING 	User requested fullscreen with size [1024  768], but screen is actually [1280, 800]. Using actual size
69.5242 	EXP 	Created window1 = Window(allowGUI=False, allowStencil=False, args=UNKNOWN, autoLog=True, bitsMode=UNKNOWN, blendMode='avg', bpc=(8, 8, 8), color=array([0., 0., 0.]), colorSpace='rgb', depthBits=8, fullscr=<method-wrapper '__getattribute__' of attributeSetter object at 0x12c815b70>, gamma=None, gammaErrorPolicy='raise', kwargs=UNKNOWN, lms=UNKNOWN, monitor=<psychopy.monitors.calibTools.Monitor object at 0x12c385438>, multiSample=False, name='window1', numSamples=2, pos=[320.0, 200.0], screen=0, size=array([2560, 1600]), stencilBits=0, stereo=False, units='height', useFBO=True, useRetina=True, viewOri=0.0, viewPos=None, viewScale=None, waitBlanking=True, winType='pyglet')
69.5243 	EXP 	window1: recordFrameIntervals = False
69.6892 	EXP 	window1: recordFrameIntervals = True
69.8734 	EXP 	window1: recordFrameIntervals = False
70.0483 	EXP 	Created welcome = TextStim(__class__=<class 'psychopy.visual.text.TextStim'>, alignHoriz=method-wrapper(...), alignText='center', alignVert=method-wrapper(...), anchorHoriz='center', anchorVert='center', antialias=True, autoLog=True, bold=False, color='yellow', colorSpace='named', contrast=1.0, depth=0.0, flipHoriz=False, flipVert=False, font='Arial', fontFiles=[], height=0.08, italic=False, languageStyle='LTR', name='welcome', opacity=1.0, ori=0, pos=array([0., 0.]), rgb=array([255., 255.,   0.]), text=str(...), units='height', win=Window(...), wrapWidth=2)
70.0751 	EXP 	Created space = TextStim(__class__=<class 'psychopy.visual.text.TextStim'>, alignHoriz=method-wrapper(...), alignText='center', alignVert=method-wrapper(...), anchorHoriz='center', anchorVert='center', antialias=True, autoLog=True, bold=False, color='yellow', colorSpace='named', contrast=1.0, depth=-2.0, flipHoriz=False, flipVert=False, font='Arial', fontFiles=[], height=0.03, italic=False, languageStyle='LTR', name='space', opacity=1.0, ori=0, pos=array([ 0.4, -0.4]), rgb=array([255., 255.,   0.]), text='Press SPACE to continue ', units='height', win=Window(...), wrapWidth=1)
70.1123 	EXP 	Created text_1 = TextStim(__class__=<class 'psychopy.visual.text.TextStim'>, alignHoriz=method-wrapper(...), alignText='center', alignVert=method-wrapper(...), anchorHoriz='center', anchorVert='center', antialias=True, autoLog=True, bold=False, color='yellow', colorSpace='named', contrast=1.0, depth=0.0, flipHoriz=False, flipVert=False, font='Arial', fontFiles=[], height=0.04, italic=False, languageStyle='LTR', name='text_1', opacity=1.0, ori=0, pos=array([0. , 0.3]), rgb=array([255., 255.,   0.]), text=str(...), units='height', win=Window(...), wrapWidth=1.5)
70.1180 	EXP 	Created space_2 = TextStim(__class__=<class 'psychopy.visual.text.TextStim'>, alignHoriz=method-wrapper(...), alignText='center', alignVert=method-wrapper(...), anchorHoriz='center', anchorVert='center', antialias=True, autoLog=True, bold=False, color='yellow', colorSpace='named', contrast=1.0, depth=-1.0, flipHoriz=False, flipVert=False, font='Arial', fontFiles=[], height=0.03, italic=False, languageStyle='LTR', name='space_2', opacity=1.0, ori=0, pos=array([ 0.4, -0.4]), rgb=array([255., 255.,   0.]), text='Press SPACE to continue ', units='height', win=Window(...), wrapWidth=1)
70.1342 	EXP 	Created text_2 = TextStim(__class__=<class 'psychopy.visual.text.TextStim'>, alignHoriz=method-wrapper(...), alignText='center', alignVert=method-wrapper(...), anchorHoriz='center', anchorVert='center', antialias=True, autoLog=True, bold=False, color='red', colorSpace='named', contrast=1.0, depth=-2.0, flipHoriz=False, flipVert=False, font='Arial', fontFiles=[], height=0.04, italic=False, languageStyle='LTR', name='text_2', opacity=1.0, ori=0, pos=array([ 0. , -0.3]), rgb=array([255.,   0.,   0.]), text=str(...), units='height', win=Window(...), wrapWidth=1.5)
70.1829 	EXP 	Created text = TextStim(__class__=<class 'psychopy.visual.text.TextStim'>, alignHoriz=method-wrapper(...), alignText='center', alignVert=method-wrapper(...), anchorHoriz='center', anchorVert='center', antialias=True, autoLog=True, bold=False, color='yellow', colorSpace='named', contrast=1.0, depth=-1.0, flipHoriz=False, flipVert=False, font='Arial', fontFiles=[], height=0.03, italic=False, languageStyle='LTR', name='text', opacity=1.0, ori=0, pos=array([ 0.  , -0.03]), rgb=array([255., 255.,   0.]), text=str(...), units='height', win=Window(...), wrapWidth=1.5)
70.2233 	EXP 	welcome: autoDraw = True
70.2233 	EXP 	space: autoDraw = True
71.1751 	DATA 	Keypress: space
71.1894 	EXP 	welcome: autoDraw = False
71.1894 	EXP 	space: autoDraw = False
71.1894 	EXP 	text_1: autoDraw = True
71.1894 	EXP 	space_2: autoDraw = True
71.1894 	EXP 	text_2: autoDraw = True
72.3773 	EXP 	Created movie = MovieStim3(__class__=<class 'psychopy.visual.movie3.MovieStim3'>, autoLog=True, color=UNKNOWN, colorSpace=UNKNOWN, depth=0.0, filename=str(...), flipHoriz=False, flipVert=False, fps=UNKNOWN, interpolate=True, loop=True, name='movie', noAudio=False, opacity=1.0, ori=0, pos=array([0. , 0.4]), size=array([400., 450.]), units='pix', vframe_callback=UNKNOWN, volume=UNKNOWN, win=Window(...))
72.3841 	DATA 	Keypress: space
72.4074 	EXP 	text_1: autoDraw = False
72.4074 	EXP 	space_2: autoDraw = False
72.4074 	EXP 	text_2: autoDraw = False
72.4074 	EXP 	movie: movie = '/Users/bethfisher/Documents/Simcolourproject_online/calibrationinstructions_py.mov'
72.4074 	EXP 	movie: autoLog = True
72.4074 	EXP 	movie: autoDraw = True
72.4074 	EXP 	text: autoDraw = True
82.7131 	EXP 	Set movie finished
86.2030 	DATA 	Keypress: escape
86.6728 	EXP 	window1: mouseVisible = True
