0.9658 	WARNING 	We strongly recommend you activate the PTB sound engine in PsychoPy prefs as the preferred audio engine. Its timing is vastly superior. Your prefs are currently set to use ['sounddevice', 'pyo', 'pygame'] (in that order).
61.0217 	DATA 	Mouse: wheel shift=(0,0), pos=(373,530)
61.0221 	DATA 	Mouse: wheel shift=(0,0), pos=(373,530)
61.3494 	EXP 	Created window1 = Window(allowGUI=False, allowStencil=False, args=UNKNOWN, autoLog=True, bitsMode=UNKNOWN, blendMode='avg', bpc=(8, 8, 8), color=array([0., 0., 0.]), colorSpace='rgb', depthBits=8, fullscr=<method-wrapper '__getattribute__' of attributeSetter object at 0x130abe8d0>, gamma=None, gammaErrorPolicy='raise', kwargs=UNKNOWN, lms=UNKNOWN, monitor=<psychopy.monitors.calibTools.Monitor object at 0x12c2b5f60>, multiSample=False, name='window1', numSamples=2, pos=[320.0, 200.0], screen=0, size=array([2560, 1600]), stencilBits=0, stereo=False, units='height', useFBO=True, useRetina=True, viewOri=0.0, viewPos=None, viewScale=None, waitBlanking=True, winType='pyglet')
61.3495 	EXP 	window1: recordFrameIntervals = False
61.5151 	EXP 	window1: recordFrameIntervals = True
61.6986 	EXP 	window1: recordFrameIntervals = False
61.8495 	EXP 	Created welcome = TextStim(__class__=<class 'psychopy.visual.text.TextStim'>, alignHoriz=method-wrapper(...), alignText='center', alignVert=method-wrapper(...), anchorHoriz='center', anchorVert='center', antialias=True, autoLog=True, bold=False, color='yellow', colorSpace='named', contrast=1.0, depth=0.0, flipHoriz=False, flipVert=False, font='Arial', fontFiles=[], height=0.08, italic=False, languageStyle='LTR', name='welcome', opacity=1.0, ori=0, pos=array([0., 0.]), rgb=array([255., 255.,   0.]), text=str(...), units='height', win=Window(...), wrapWidth=2)
61.8721 	EXP 	Created space = TextStim(__class__=<class 'psychopy.visual.text.TextStim'>, alignHoriz=method-wrapper(...), alignText='center', alignVert=method-wrapper(...), anchorHoriz='center', anchorVert='center', antialias=True, autoLog=True, bold=False, color='yellow', colorSpace='named', contrast=1.0, depth=-2.0, flipHoriz=False, flipVert=False, font='Arial', fontFiles=[], height=0.03, italic=False, languageStyle='LTR', name='space', opacity=1.0, ori=0, pos=array([ 0.4, -0.4]), rgb=array([255., 255.,   0.]), text='Press SPACE to continue ', units='height', win=Window(...), wrapWidth=1)
61.8978 	EXP 	Created intructioncircle_1 = Polygon(__class__=<class 'psychopy.visual.polygon.Polygon'>, autoDraw=False, autoLog=True, closeShape=True, color=method-wrapper(...), colorSpace=None, contrast=1.0, depth=-2.0, fillColor=array([255.,   0.,   0.]), fillColorSpace='rgb255', fillRGB=array([255.,   0.,   0.]), interpolate=True, lineColor=None, lineColorSpace='rgb', lineRGB=None, lineWidth=1, name='intructioncircle_1', opacity=1.0, ori=array(0.), pos=array([0., 0.]), size=array([0.05, 0.05]), units='height', vertices=ndarray(...), win=Window(...))
61.9129 	EXP 	Created instructioncircle_2 = Polygon(__class__=<class 'psychopy.visual.polygon.Polygon'>, autoDraw=False, autoLog=True, closeShape=True, color=method-wrapper(...), colorSpace=None, contrast=1.0, depth=-3.0, fillColor=array([255., 170.,   0.]), fillColorSpace='rgb255', fillRGB=array([255., 170.,   0.]), interpolate=True, lineColor=None, lineColorSpace='rgb', lineRGB=None, lineWidth=1, name='instructioncircle_2', opacity=1.0, ori=array(0.), pos=array([0., 0.]), size=array([0.05, 0.05]), units='height', vertices=ndarray(...), win=Window(...))
61.9297 	EXP 	Created instructioncircle_3 = Polygon(__class__=<class 'psychopy.visual.polygon.Polygon'>, autoDraw=False, autoLog=True, closeShape=True, color=method-wrapper(...), colorSpace=None, contrast=1.0, depth=-4.0, fillColor=array([170., 255.,   0.]), fillColorSpace='rgb255', fillRGB=array([170., 255.,   0.]), interpolate=True, lineColor=array([170., 255.,   0.]), lineColorSpace='rgb', lineRGB=array([170., 255.,   0.]), lineWidth=1, name='instructioncircle_3', opacity=1.0, ori=array(0.), pos=array([0., 0.]), size=array([0.05, 0.05]), units='height', vertices=ndarray(...), win=Window(...))
61.9455 	EXP 	Created instructioncircle_4 = Polygon(__class__=<class 'psychopy.visual.polygon.Polygon'>, autoDraw=False, autoLog=True, closeShape=True, color=method-wrapper(...), colorSpace=None, contrast=1.0, depth=-5.0, fillColor=array([  0., 255.,   0.]), fillColorSpace='rgb255', fillRGB=array([  0., 255.,   0.]), interpolate=True, lineColor=None, lineColorSpace='rgb', lineRGB=None, lineWidth=1, name='instructioncircle_4', opacity=1.0, ori=array(0.), pos=array([0., 0.]), size=array([0.05, 0.05]), units='height', vertices=ndarray(...), win=Window(...))
61.9609 	EXP 	Created instructioncircle_5 = Polygon(__class__=<class 'psychopy.visual.polygon.Polygon'>, autoDraw=False, autoLog=True, closeShape=True, color=method-wrapper(...), colorSpace=None, contrast=1.0, depth=-6.0, fillColor=array([  0., 255., 169.]), fillColorSpace='rgb255', fillRGB=array([  0., 255., 169.]), interpolate=True, lineColor=None, lineColorSpace='rgb', lineRGB=None, lineWidth=1, name='instructioncircle_5', opacity=1.0, ori=array(0.), pos=array([0., 0.]), size=array([0.05, 0.05]), units='height', vertices=ndarray(...), win=Window(...))
61.9762 	EXP 	Created insturctioncircle_6 = Polygon(__class__=<class 'psychopy.visual.polygon.Polygon'>, autoDraw=False, autoLog=True, closeShape=True, color=method-wrapper(...), colorSpace=None, contrast=1.0, depth=-7.0, fillColor=array([  0., 169., 255.]), fillColorSpace='rgb255', fillRGB=array([  0., 169., 255.]), interpolate=True, lineColor=None, lineColorSpace='rgb', lineRGB=None, lineWidth=1, name='insturctioncircle_6', opacity=1.0, ori=array(0.), pos=array([0., 0.]), size=array([0.05, 0.05]), units='height', vertices=ndarray(...), win=Window(...))
61.9915 	EXP 	Created instructioncircle_7 = Polygon(__class__=<class 'psychopy.visual.polygon.Polygon'>, autoDraw=False, autoLog=True, closeShape=True, color=method-wrapper(...), colorSpace=None, contrast=1.0, depth=-8.0, fillColor=array([  0.,   0., 255.]), fillColorSpace='rgb255', fillRGB=array([  0.,   0., 255.]), interpolate=True, lineColor=None, lineColorSpace='rgb', lineRGB=None, lineWidth=1, name='instructioncircle_7', opacity=1.0, ori=array(0.), pos=array([0., 0.]), size=array([0.05, 0.05]), units='height', vertices=ndarray(...), win=Window(...))
62.0067 	EXP 	Created instructioncircle_8 = Polygon(__class__=<class 'psychopy.visual.polygon.Polygon'>, autoDraw=False, autoLog=True, closeShape=True, color=method-wrapper(...), colorSpace=None, contrast=1.0, depth=-9.0, fillColor=array([170.,   0., 255.]), fillColorSpace='rgb255', fillRGB=array([170.,   0., 255.]), interpolate=True, lineColor=None, lineColorSpace='rgb', lineRGB=None, lineWidth=1, name='instructioncircle_8', opacity=1.0, ori=array(0.), pos=array([0., 0.]), size=array([0.05, 0.05]), units='height', vertices=ndarray(...), win=Window(...))
62.0222 	EXP 	Created instructioncircle_9 = Polygon(__class__=<class 'psychopy.visual.polygon.Polygon'>, autoDraw=False, autoLog=True, closeShape=True, color=method-wrapper(...), colorSpace=None, contrast=1.0, depth=-10.0, fillColor=array([255.,   0., 170.]), fillColorSpace='rgb255', fillRGB=array([255.,   0., 170.]), interpolate=True, lineColor=None, lineColorSpace='rgb', lineRGB=None, lineWidth=1, name='instructioncircle_9', opacity=1.0, ori=array(0.), pos=array([0., 0.]), size=array([0.05, 0.05]), units='height', vertices=ndarray(...), win=Window(...))
62.0258 	EXP 	Created space_9 = TextStim(__class__=<class 'psychopy.visual.text.TextStim'>, alignHoriz=method-wrapper(...), alignText='center', alignVert=method-wrapper(...), anchorHoriz='center', anchorVert='center', antialias=True, autoLog=True, bold=False, color='yellow', colorSpace='named', contrast=1.0, depth=-11.0, flipHoriz=False, flipVert=False, font='Arial', fontFiles=[], height=0.03, italic=False, languageStyle='LTR', name='space_9', opacity=1.0, ori=0, pos=array([ 0.4, -0.4]), rgb=array([255., 255.,   0.]), text='Press SPACE to continue ', units='height', win=Window(...), wrapWidth=1)
62.0385 	EXP 	Created text_9 = TextStim(__class__=<class 'psychopy.visual.text.TextStim'>, alignHoriz=method-wrapper(...), alignText='center', alignVert=method-wrapper(...), anchorHoriz='center', anchorVert='center', antialias=True, autoLog=True, bold=False, color='yellow', colorSpace='named', contrast=1.0, depth=-12.0, flipHoriz=False, flipVert=False, font='Arial', fontFiles=[], height=0.03, italic=False, languageStyle='LTR', name='text_9', opacity=1.0, ori=0, pos=array([0. , 0.4]), rgb=array([255., 255.,   0.]), text=str(...), units='height', win=Window(...), wrapWidth=1)
62.0720 	EXP 	Created text_1 = TextStim(__class__=<class 'psychopy.visual.text.TextStim'>, alignHoriz=method-wrapper(...), alignText='center', alignVert=method-wrapper(...), anchorHoriz='center', anchorVert='center', antialias=True, autoLog=True, bold=False, color='yellow', colorSpace='named', contrast=1.0, depth=0.0, flipHoriz=False, flipVert=False, font='Arial', fontFiles=[], height=0.04, italic=False, languageStyle='LTR', name='text_1', opacity=1.0, ori=0, pos=array([0. , 0.3]), rgb=array([255., 255.,   0.]), text=str(...), units='height', win=Window(...), wrapWidth=1.5)
62.0775 	EXP 	Created space_2 = TextStim(__class__=<class 'psychopy.visual.text.TextStim'>, alignHoriz=method-wrapper(...), alignText='center', alignVert=method-wrapper(...), anchorHoriz='center', anchorVert='center', antialias=True, autoLog=True, bold=False, color='yellow', colorSpace='named', contrast=1.0, depth=-1.0, flipHoriz=False, flipVert=False, font='Arial', fontFiles=[], height=0.03, italic=False, languageStyle='LTR', name='space_2', opacity=1.0, ori=0, pos=array([ 0.4, -0.4]), rgb=array([255., 255.,   0.]), text='Press SPACE to continue ', units='height', win=Window(...), wrapWidth=1)
62.0921 	EXP 	Created text_2 = TextStim(__class__=<class 'psychopy.visual.text.TextStim'>, alignHoriz=method-wrapper(...), alignText='center', alignVert=method-wrapper(...), anchorHoriz='center', anchorVert='center', antialias=True, autoLog=True, bold=False, color='red', colorSpace='named', contrast=1.0, depth=-2.0, flipHoriz=False, flipVert=False, font='Arial', fontFiles=[], height=0.04, italic=False, languageStyle='LTR', name='text_2', opacity=1.0, ori=0, pos=array([ 0. , -0.3]), rgb=array([255.,   0.,   0.]), text=str(...), units='height', win=Window(...), wrapWidth=1.5)
62.1213 	EXP 	Created text = TextStim(__class__=<class 'psychopy.visual.text.TextStim'>, alignHoriz=method-wrapper(...), alignText='center', alignVert=method-wrapper(...), anchorHoriz='center', anchorVert='center', antialias=True, autoLog=True, bold=False, color='yellow', colorSpace='named', contrast=1.0, depth=-1.0, flipHoriz=False, flipVert=False, font='Arial', fontFiles=[], height=0.03, italic=False, languageStyle='LTR', name='text', opacity=1.0, ori=0, pos=array([ 0. , -0.2]), rgb=array([255., 255.,   0.]), text=str(...), units='height', win=Window(...), wrapWidth=1.5)
62.1484 	EXP 	Created text_3 = TextStim(__class__=<class 'psychopy.visual.text.TextStim'>, alignHoriz=method-wrapper(...), alignText='center', alignVert=method-wrapper(...), anchorHoriz='center', anchorVert='center', antialias=True, autoLog=True, bold=False, color='yellow', colorSpace='named', contrast=1.0, depth=-3.0, flipHoriz=False, flipVert=False, font='Arial', fontFiles=[], height=0.03, italic=False, languageStyle='LTR', name='text_3', opacity=1.0, ori=0, pos=array([ 0. , -0.3]), rgb=array([255., 255.,   0.]), text=str(...), units='height', win=Window(...), wrapWidth=1.5)
62.1517 	EXP 	Created space_3 = TextStim(__class__=<class 'psychopy.visual.text.TextStim'>, alignHoriz=method-wrapper(...), alignText='center', alignVert=method-wrapper(...), anchorHoriz='center', anchorVert='center', antialias=True, autoLog=True, bold=False, color='yellow', colorSpace='named', contrast=1.0, depth=-4.0, flipHoriz=False, flipVert=False, font='Arial', fontFiles=[], height=0.03, italic=False, languageStyle='LTR', name='space_3', opacity=1.0, ori=0, pos=array([ 0.4, -0.4]), rgb=array([255., 255.,   0.]), text='Press SPACE to continue ', units='height', win=Window(...), wrapWidth=1)
62.1700 	EXP 	Created text_4 = TextStim(__class__=<class 'psychopy.visual.text.TextStim'>, alignHoriz=method-wrapper(...), alignText='center', alignVert=method-wrapper(...), anchorHoriz='center', anchorVert='center', antialias=True, autoLog=True, bold=False, color='yellow', colorSpace='named', contrast=1.0, depth=0.0, flipHoriz=False, flipVert=False, font='Arial', fontFiles=[], height=0.03, italic=False, languageStyle='LTR', name='text_4', opacity=1.0, ori=0, pos=array([0. , 0.2]), rgb=array([255., 255.,   0.]), text=str(...), units='height', win=Window(...), wrapWidth=1)
62.2350 	EXP 	Created calibrationline = ImageStim(__class__=<class 'psychopy.visual.image.ImageStim'>, autoLog=True, color=array([1., 1., 1.]), colorSpace='rgb', contrast=1.0, depth=-2.0, flipHoriz=False, flipVert=False, image=str(...), interpolate=True, mask=None, maskParams=None, name='calibrationline', opacity=1.0, ori=0.0, pos=array([ 0. , -0.2]), size=array([0.1, 0.2]), texRes=128, units='height', win=Window(...))
62.2671 	EXP 	Created text_5 = TextStim(__class__=<class 'psychopy.visual.text.TextStim'>, alignHoriz=method-wrapper(...), alignText='center', alignVert=method-wrapper(...), anchorHoriz='center', anchorVert='center', antialias=True, autoLog=True, bold=False, color='yellow', colorSpace='named', contrast=1.0, depth=0.0, flipHoriz=False, flipVert=False, font='Arial', fontFiles=[], height=0.03, italic=False, languageStyle='LTR', name='text_5', opacity=1.0, ori=0, pos=array([0., 0.]), rgb=array([255., 255.,   0.]), text=str(...), units='height', win=Window(...), wrapWidth=2)
62.2791 	EXP 	Created space_4 = TextStim(__class__=<class 'psychopy.visual.text.TextStim'>, alignHoriz=method-wrapper(...), alignText='center', alignVert=method-wrapper(...), anchorHoriz='center', anchorVert='center', antialias=True, autoLog=True, bold=False, color='yellow', colorSpace='named', contrast=1.0, depth=-2.0, flipHoriz=False, flipVert=False, font='Arial', fontFiles=[], height=0.03, italic=False, languageStyle='LTR', name='space_4', opacity=1.0, ori=0, pos=array([ 0.4, -0.4]), rgb=array([255., 255.,   0.]), text='Press SPACE to continue ', units='height', win=Window(...), wrapWidth=1)
62.2910 	EXP 	Created space_5 = TextStim(__class__=<class 'psychopy.visual.text.TextStim'>, alignHoriz=method-wrapper(...), alignText='center', alignVert=method-wrapper(...), anchorHoriz='center', anchorVert='center', antialias=True, autoLog=True, bold=False, color='yellow', colorSpace='named', contrast=1.0, depth=-1.0, flipHoriz=False, flipVert=False, font='Arial', fontFiles=[], height=0.03, italic=False, languageStyle='LTR', name='space_5', opacity=1.0, ori=0, pos=array([ 0.4, -0.4]), rgb=array([255., 255.,   0.]), text='Press SPACE to continue ', units='height', win=Window(...), wrapWidth=1)
62.3011 	EXP 	Created instr_only = TextStim(__class__=<class 'psychopy.visual.text.TextStim'>, alignHoriz=method-wrapper(...), alignText='center', alignVert=method-wrapper(...), anchorHoriz='center', anchorVert='center', antialias=True, autoLog=True, bold=False, color='yellow', colorSpace='named', contrast=1.0, depth=-2.0, flipHoriz=False, flipVert=False, font='Arial', fontFiles=[], height=0.05, italic=False, languageStyle='LTR', name='instr_only', opacity=1.0, ori=0, pos=array([0. , 0.3]), rgb=array([255., 255.,   0.]), text='INSTRUCTIONS ONLY', units='height', win=Window(...), wrapWidth=1)
62.3110 	EXP 	Created text_6 = TextStim(__class__=<class 'psychopy.visual.text.TextStim'>, alignHoriz=method-wrapper(...), alignText='center', alignVert=method-wrapper(...), anchorHoriz='center', anchorVert='center', antialias=True, autoLog=True, bold=False, color='yellow', colorSpace='named', contrast=1.0, depth=-3.0, flipHoriz=False, flipVert=False, font='Arial', fontFiles=[], height=0.04, italic=False, languageStyle='LTR', name='text_6', opacity=1.0, ori=0, pos=array([ 0. , -0.3]), rgb=array([255., 255.,   0.]), text='1. Put a finger on <ENTER> on the keyboard.', units='height', win=Window(...), wrapWidth=1.5)
62.3301 	EXP 	Created space_7 = TextStim(__class__=<class 'psychopy.visual.text.TextStim'>, alignHoriz=method-wrapper(...), alignText='center', alignVert=method-wrapper(...), anchorHoriz='center', anchorVert='center', antialias=True, autoLog=True, bold=False, color='yellow', colorSpace='named', contrast=1.0, depth=-1.0, flipHoriz=False, flipVert=False, font='Arial', fontFiles=[], height=0.03, italic=False, languageStyle='LTR', name='space_7', opacity=1.0, ori=0, pos=array([ 0.4, -0.4]), rgb=array([255., 255.,   0.]), text='Press SPACE to continue ', units='height', win=Window(...), wrapWidth=1)
62.3386 	EXP 	Created instr_only_3 = TextStim(__class__=<class 'psychopy.visual.text.TextStim'>, alignHoriz=method-wrapper(...), alignText='center', alignVert=method-wrapper(...), anchorHoriz='center', anchorVert='center', antialias=True, autoLog=True, bold=False, color='yellow', colorSpace='named', contrast=1.0, depth=-2.0, flipHoriz=False, flipVert=False, font='Arial', fontFiles=[], height=0.05, italic=False, languageStyle='LTR', name='instr_only_3', opacity=1.0, ori=0, pos=array([0. , 0.3]), rgb=array([255., 255.,   0.]), text='INSTRUCTIONS ONLY', units='height', win=Window(...), wrapWidth=1)
62.3552 	EXP 	Created text_8 = TextStim(__class__=<class 'psychopy.visual.text.TextStim'>, alignHoriz=method-wrapper(...), alignText='center', alignVert=method-wrapper(...), anchorHoriz='center', anchorVert='center', antialias=True, autoLog=True, bold=False, color='yellow', colorSpace='named', contrast=1.0, depth=-3.0, flipHoriz=False, flipVert=False, font='Arial', fontFiles=[], height=0.04, italic=False, languageStyle='LTR', name='text_8', opacity=1.0, ori=0, pos=array([ 0. , -0.3]), rgb=array([255., 255.,   0.]), text='2. Close your right eye', units='height', win=Window(...), wrapWidth=1)
62.3695 	EXP 	Created space_6 = TextStim(__class__=<class 'psychopy.visual.text.TextStim'>, alignHoriz=method-wrapper(...), alignText='center', alignVert=method-wrapper(...), anchorHoriz='center', anchorVert='center', antialias=True, autoLog=True, bold=False, color='yellow', colorSpace='named', contrast=1.0, depth=-1.0, flipHoriz=False, flipVert=False, font='Arial', fontFiles=[], height=0.03, italic=False, languageStyle='LTR', name='space_6', opacity=1.0, ori=0, pos=array([ 0.4, -0.4]), rgb=array([255., 255.,   0.]), text='Press SPACE to continue ', units='height', win=Window(...), wrapWidth=1)
62.3730 	EXP 	Created instr_only_2 = TextStim(__class__=<class 'psychopy.visual.text.TextStim'>, alignHoriz=method-wrapper(...), alignText='center', alignVert=method-wrapper(...), anchorHoriz='center', anchorVert='center', antialias=True, autoLog=True, bold=False, color='yellow', colorSpace='named', contrast=1.0, depth=-2.0, flipHoriz=False, flipVert=False, font='Arial', fontFiles=[], height=0.05, italic=False, languageStyle='LTR', name='instr_only_2', opacity=1.0, ori=0, pos=array([0. , 0.3]), rgb=array([255., 255.,   0.]), text='INSTRUCTIONS ONLY', units='height', win=Window(...), wrapWidth=1)
62.3928 	EXP 	Created text_7 = TextStim(__class__=<class 'psychopy.visual.text.TextStim'>, alignHoriz=method-wrapper(...), alignText='center', alignVert=method-wrapper(...), anchorHoriz='center', anchorVert='center', antialias=True, autoLog=True, bold=False, color='yellow', colorSpace='named', contrast=1.0, depth=-3.0, flipHoriz=False, flipVert=False, font='Arial', fontFiles=[], height=0.03, italic=False, languageStyle='LTR', name='text_7', opacity=1.0, ori=0, pos=array([ 0. , -0.3]), rgb=array([255., 255.,   0.]), text=str(...), units='height', win=Window(...), wrapWidth=1.5)
62.3949 	EXP 	Created center_cross = ShapeStim(__class__=<class 'psychopy.visual.shape.ShapeStim'>, autoDraw=False, autoLog=True, closeShape=True, contrast=1.0, depth=-4.0, fillColor=array([1., 1., 1.]), fillColorSpace='rgb', interpolate=True, lineColor=array([1., 1., 1.]), lineColorSpace='rgb', lineWidth=1.5, name='center_cross', opacity=1.0, ori=array(0.), pos=array([0., 0.]), size=array([0.05, 0.05]), units='norm', vertices=ndarray(...), win=Window(...), windingRule=None)
62.4157 	EXP 	welcome: autoDraw = True
62.4157 	EXP 	space: autoDraw = True
67.9517 	DATA 	Keypress: space
67.9669 	EXP 	welcome: autoDraw = False
67.9669 	EXP 	space: autoDraw = False
67.9669 	EXP 	intructioncircle_1: autoDraw = True
67.9669 	EXP 	instructioncircle_2: autoDraw = True
67.9669 	EXP 	instructioncircle_3: autoDraw = True
67.9669 	EXP 	instructioncircle_4: autoDraw = True
67.9669 	EXP 	instructioncircle_5: autoDraw = True
67.9669 	EXP 	insturctioncircle_6: autoDraw = True
67.9669 	EXP 	instructioncircle_7: autoDraw = True
67.9669 	EXP 	instructioncircle_8: autoDraw = True
67.9669 	EXP 	instructioncircle_9: autoDraw = True
67.9669 	EXP 	text_9: autoDraw = True
69.8241 	DATA 	Keypress: space
69.9192 	EXP 	space_9: autoDraw = True
71.2266 	DATA 	Keypress: space
71.2553 	EXP 	intructioncircle_1: autoDraw = False
71.2553 	EXP 	instructioncircle_2: autoDraw = False
71.2553 	EXP 	instructioncircle_3: autoDraw = False
71.2553 	EXP 	instructioncircle_4: autoDraw = False
71.2553 	EXP 	instructioncircle_5: autoDraw = False
71.2553 	EXP 	insturctioncircle_6: autoDraw = False
71.2553 	EXP 	instructioncircle_7: autoDraw = False
71.2553 	EXP 	instructioncircle_8: autoDraw = False
71.2553 	EXP 	instructioncircle_9: autoDraw = False
71.2553 	EXP 	space_9: autoDraw = False
71.2553 	EXP 	text_9: autoDraw = False
71.2553 	EXP 	text_1: autoDraw = True
71.2553 	EXP 	space_2: autoDraw = True
71.2553 	EXP 	text_2: autoDraw = True
72.5938 	EXP 	Created movie = MovieStim3(__class__=<class 'psychopy.visual.movie3.MovieStim3'>, autoLog=True, color=UNKNOWN, colorSpace=UNKNOWN, depth=0.0, filename=str(...), flipHoriz=False, flipVert=False, fps=UNKNOWN, interpolate=True, loop=True, name='movie', noAudio=False, opacity=1.0, ori=0, pos=array([  0., 100.]), size=array([380., 410.]), units='pix', vframe_callback=UNKNOWN, volume=UNKNOWN, win=Window(...))
72.5997 	DATA 	Keypress: space
72.6200 	EXP 	text_1: autoDraw = False
72.6200 	EXP 	space_2: autoDraw = False
72.6200 	EXP 	text_2: autoDraw = False
72.6200 	EXP 	movie: movie = '/Users/bethfisher/Documents/Simcolourproject_online/calibrationinstructions_py.mov'
72.6200 	EXP 	movie: autoLog = True
72.6200 	EXP 	movie: autoDraw = True
72.6200 	EXP 	text: autoDraw = True
72.6200 	EXP 	text_3: autoDraw = True
72.6200 	EXP 	space_3: autoDraw = True
73.0183 	DATA 	Keypress: escape
73.4447 	EXP 	window1: mouseVisible = True
