1.0770 	WARNING 	We strongly recommend you activate the PTB sound engine in PsychoPy prefs as the preferred audio engine. Its timing is vastly superior. Your prefs are currently set to use ['sounddevice', 'pyo', 'pygame'] (in that order).
58.0497 	EXP 	Created window1 = Window(allowGUI=False, allowStencil=False, args=UNKNOWN, autoLog=True, bitsMode=UNKNOWN, blendMode='avg', bpc=(8, 8, 8), color=array([0., 0., 0.]), colorSpace='rgb', depthBits=8, fullscr=<method-wrapper '__getattribute__' of attributeSetter object at 0x13046ea58>, gamma=None, gammaErrorPolicy='raise', kwargs=UNKNOWN, lms=UNKNOWN, monitor=<psychopy.monitors.calibTools.Monitor object at 0x12b1a2320>, multiSample=False, name='window1', numSamples=2, pos=[320.0, 200.0], screen=0, size=array([2560, 1600]), stencilBits=0, stereo=False, units='height', useFBO=True, useRetina=True, viewOri=0.0, viewPos=None, viewScale=None, waitBlanking=True, winType='pyglet')
58.0497 	EXP 	window1: recordFrameIntervals = False
58.2313 	EXP 	window1: recordFrameIntervals = True
58.3475 	WARNING 	t of last frame was 33.32ms (=1/30)
58.4812 	WARNING 	t of last frame was 32.29ms (=1/30)
58.6149 	WARNING 	t of last frame was 34.09ms (=1/29)
58.7485 	WARNING 	t of last frame was 33.33ms (=1/30)
58.8497 	WARNING 	Multiple dropped frames have occurred - I'll stop bothering you about them!
60.4839 	EXP 	window1: recordFrameIntervals = False
60.6516 	EXP 	Created welcome = TextStim(__class__=<class 'psychopy.visual.text.TextStim'>, alignHoriz=method-wrapper(...), alignText='center', alignVert=method-wrapper(...), anchorHoriz='center', anchorVert='center', antialias=True, autoLog=True, bold=False, color='yellow', colorSpace='named', contrast=1.0, depth=0.0, flipHoriz=False, flipVert=False, font='Arial', fontFiles=[], height=0.08, italic=False, languageStyle='LTR', name='welcome', opacity=1.0, ori=0, pos=array([0., 0.]), rgb=array([255., 255.,   0.]), text=str(...), units='height', win=Window(...), wrapWidth=2)
60.6779 	EXP 	Created space = TextStim(__class__=<class 'psychopy.visual.text.TextStim'>, alignHoriz=method-wrapper(...), alignText='center', alignVert=method-wrapper(...), anchorHoriz='center', anchorVert='center', antialias=True, autoLog=True, bold=False, color='yellow', colorSpace='named', contrast=1.0, depth=-2.0, flipHoriz=False, flipVert=False, font='Arial', fontFiles=[], height=0.03, italic=False, languageStyle='LTR', name='space', opacity=1.0, ori=0, pos=array([ 0.4, -0.4]), rgb=array([255., 255.,   0.]), text='Press SPACE to continue ', units='height', win=Window(...), wrapWidth=1)
60.6921 	EXP 	Created space_8 = TextStim(__class__=<class 'psychopy.visual.text.TextStim'>, alignHoriz=method-wrapper(...), alignText='center', alignVert=method-wrapper(...), anchorHoriz='center', anchorVert='center', antialias=True, autoLog=True, bold=False, color='yellow', colorSpace='named', contrast=1.0, depth=-2.0, flipHoriz=False, flipVert=False, font='Arial', fontFiles=[], height=0.03, italic=False, languageStyle='LTR', name='space_8', opacity=1.0, ori=0, pos=array([ 0.4, -0.4]), rgb=array([255., 255.,   0.]), text='Press SPACE to continue ', units='height', win=Window(...), wrapWidth=1)
60.7118 	EXP 	Created intructioncircle_1 = Polygon(__class__=<class 'psychopy.visual.polygon.Polygon'>, autoDraw=False, autoLog=True, closeShape=True, color=method-wrapper(...), colorSpace=None, contrast=1.0, depth=-3.0, fillColor=array([255.,   0.,   0.]), fillColorSpace='rgb255', fillRGB=array([255.,   0.,   0.]), interpolate=True, lineColor=array([255.,   0.,   0.]), lineColorSpace='rgb', lineRGB=array([255.,   0.,   0.]), lineWidth=1, name='intructioncircle_1', opacity=1.0, ori=array(0.), pos=array([0., 0.]), size=array([0.1, 0.1]), units='height', vertices=ndarray(...), win=Window(...))
60.7402 	EXP 	Created instructioncircle_2 = Polygon(__class__=<class 'psychopy.visual.polygon.Polygon'>, autoDraw=False, autoLog=True, closeShape=True, color=method-wrapper(...), colorSpace=None, contrast=1.0, depth=-4.0, fillColor=array([255., 170.,   0.]), fillColorSpace='rgb255', fillRGB=array([255., 170.,   0.]), interpolate=True, lineColor=array([255., 170.,   0.]), lineColorSpace='rgb', lineRGB=array([255., 170.,   0.]), lineWidth=1, name='instructioncircle_2', opacity=1.0, ori=array(0.), pos=array([0., 0.]), size=array([0.1, 0.1]), units='height', vertices=ndarray(...), win=Window(...))
60.7694 	EXP 	Created instructioncircle_3 = Polygon(__class__=<class 'psychopy.visual.polygon.Polygon'>, autoDraw=False, autoLog=True, closeShape=True, color=method-wrapper(...), colorSpace=None, contrast=1.0, depth=-5.0, fillColor=array([170., 255.,   0.]), fillColorSpace='rgb', fillRGB=array([170., 255.,   0.]), interpolate=True, lineColor=array([170., 255.,   0.]), lineColorSpace='rgb', lineRGB=array([170., 255.,   0.]), lineWidth=1, name='instructioncircle_3', opacity=1.0, ori=array(0.), pos=array([0., 0.]), size=array([0.1, 0.1]), units='height', vertices=ndarray(...), win=Window(...))
60.7979 	EXP 	Created instructioncircle_4 = Polygon(__class__=<class 'psychopy.visual.polygon.Polygon'>, autoDraw=False, autoLog=True, closeShape=True, color=method-wrapper(...), colorSpace=None, contrast=1.0, depth=-6.0, fillColor=array([  0., 255.,   0.]), fillColorSpace='rgb', fillRGB=array([  0., 255.,   0.]), interpolate=True, lineColor=array([  0., 255.,   0.]), lineColorSpace='rgb', lineRGB=array([  0., 255.,   0.]), lineWidth=1, name='instructioncircle_4', opacity=1.0, ori=array(0.), pos=array([0., 0.]), size=array([0.1, 0.1]), units='height', vertices=ndarray(...), win=Window(...))
60.8149 	EXP 	Created instructioncircle_5 = Polygon(__class__=<class 'psychopy.visual.polygon.Polygon'>, autoDraw=False, autoLog=True, closeShape=True, color=method-wrapper(...), colorSpace=None, contrast=1.0, depth=-7.0, fillColor=array([  0., 255., 169.]), fillColorSpace='rgb', fillRGB=array([  0., 255., 169.]), interpolate=True, lineColor=array([  0., 255., 169.]), lineColorSpace='rgb', lineRGB=array([  0., 255., 169.]), lineWidth=1, name='instructioncircle_5', opacity=1.0, ori=array(0.), pos=array([0., 0.]), size=array([0.1, 0.1]), units='height', vertices=ndarray(...), win=Window(...))
60.8294 	EXP 	Created insturctioncircle_6 = Polygon(__class__=<class 'psychopy.visual.polygon.Polygon'>, autoDraw=False, autoLog=True, closeShape=True, color=method-wrapper(...), colorSpace=None, contrast=1.0, depth=-8.0, fillColor=array([  0., 169., 255.]), fillColorSpace='rgb', fillRGB=array([  0., 169., 255.]), interpolate=True, lineColor=array([  0., 169., 255.]), lineColorSpace='rgb', lineRGB=array([  0., 169., 255.]), lineWidth=1, name='insturctioncircle_6', opacity=1.0, ori=array(0.), pos=array([0., 0.]), size=array([0.1, 0.1]), units='height', vertices=ndarray(...), win=Window(...))
60.8449 	EXP 	Created instructioncircle_7 = Polygon(__class__=<class 'psychopy.visual.polygon.Polygon'>, autoDraw=False, autoLog=True, closeShape=True, color=method-wrapper(...), colorSpace=None, contrast=1.0, depth=-9.0, fillColor=array([  0.,   0., 255.]), fillColorSpace='rgb', fillRGB=array([  0.,   0., 255.]), interpolate=True, lineColor=array([  0.,   0., 255.]), lineColorSpace='rgb', lineRGB=array([  0.,   0., 255.]), lineWidth=1, name='instructioncircle_7', opacity=1.0, ori=array(0.), pos=array([0., 0.]), size=array([0.1, 0.1]), units='height', vertices=ndarray(...), win=Window(...))
60.8595 	EXP 	Created instructioncircle_8 = Polygon(__class__=<class 'psychopy.visual.polygon.Polygon'>, autoDraw=False, autoLog=True, closeShape=True, color=method-wrapper(...), colorSpace=None, contrast=1.0, depth=-10.0, fillColor=array([170.,   0., 255.]), fillColorSpace='rgb', fillRGB=array([170.,   0., 255.]), interpolate=True, lineColor=array([170.,   0., 255.]), lineColorSpace='rgb', lineRGB=array([170.,   0., 255.]), lineWidth=1, name='instructioncircle_8', opacity=1.0, ori=array(0.), pos=array([0., 0.]), size=array([0.1, 0.1]), units='height', vertices=ndarray(...), win=Window(...))
60.8740 	EXP 	Created instructioncircle_9 = Polygon(__class__=<class 'psychopy.visual.polygon.Polygon'>, autoDraw=False, autoLog=True, closeShape=True, color=method-wrapper(...), colorSpace=None, contrast=1.0, depth=-11.0, fillColor=array([255.,   0., 170.]), fillColorSpace='rgb255', fillRGB=array([255.,   0., 170.]), interpolate=True, lineColor=array([255.,   0., 170.]), lineColorSpace='rgb', lineRGB=array([255.,   0., 170.]), lineWidth=1, name='instructioncircle_9', opacity=1.0, ori=array(0.), pos=array([0., 0.]), size=array([0.1, 0.1]), units='height', vertices=ndarray(...), win=Window(...))
60.9177 	EXP 	Created text_1 = TextStim(__class__=<class 'psychopy.visual.text.TextStim'>, alignHoriz=method-wrapper(...), alignText='center', alignVert=method-wrapper(...), anchorHoriz='center', anchorVert='center', antialias=True, autoLog=True, bold=False, color='yellow', colorSpace='named', contrast=1.0, depth=0.0, flipHoriz=False, flipVert=False, font='Arial', fontFiles=[], height=0.04, italic=False, languageStyle='LTR', name='text_1', opacity=1.0, ori=0, pos=array([0. , 0.3]), rgb=array([255., 255.,   0.]), text=str(...), units='height', win=Window(...), wrapWidth=1.5)
60.9251 	EXP 	Created space_2 = TextStim(__class__=<class 'psychopy.visual.text.TextStim'>, alignHoriz=method-wrapper(...), alignText='center', alignVert=method-wrapper(...), anchorHoriz='center', anchorVert='center', antialias=True, autoLog=True, bold=False, color='yellow', colorSpace='named', contrast=1.0, depth=-1.0, flipHoriz=False, flipVert=False, font='Arial', fontFiles=[], height=0.03, italic=False, languageStyle='LTR', name='space_2', opacity=1.0, ori=0, pos=array([ 0.4, -0.4]), rgb=array([255., 255.,   0.]), text='Press SPACE to continue ', units='height', win=Window(...), wrapWidth=1)
60.9424 	EXP 	Created text_2 = TextStim(__class__=<class 'psychopy.visual.text.TextStim'>, alignHoriz=method-wrapper(...), alignText='center', alignVert=method-wrapper(...), anchorHoriz='center', anchorVert='center', antialias=True, autoLog=True, bold=False, color='red', colorSpace='named', contrast=1.0, depth=-2.0, flipHoriz=False, flipVert=False, font='Arial', fontFiles=[], height=0.04, italic=False, languageStyle='LTR', name='text_2', opacity=1.0, ori=0, pos=array([ 0. , -0.3]), rgb=array([255.,   0.,   0.]), text=str(...), units='height', win=Window(...), wrapWidth=1.5)
60.9824 	EXP 	Created text = TextStim(__class__=<class 'psychopy.visual.text.TextStim'>, alignHoriz=method-wrapper(...), alignText='center', alignVert=method-wrapper(...), anchorHoriz='center', anchorVert='center', antialias=True, autoLog=True, bold=False, color='yellow', colorSpace='named', contrast=1.0, depth=-1.0, flipHoriz=False, flipVert=False, font='Arial', fontFiles=[], height=0.03, italic=False, languageStyle='LTR', name='text', opacity=1.0, ori=0, pos=array([ 0. , -0.2]), rgb=array([255., 255.,   0.]), text=str(...), units='height', win=Window(...), wrapWidth=1.5)
61.0257 	EXP 	Created text_3 = TextStim(__class__=<class 'psychopy.visual.text.TextStim'>, alignHoriz=method-wrapper(...), alignText='center', alignVert=method-wrapper(...), anchorHoriz='center', anchorVert='center', antialias=True, autoLog=True, bold=False, color='yellow', colorSpace='named', contrast=1.0, depth=-3.0, flipHoriz=False, flipVert=False, font='Arial', fontFiles=[], height=0.03, italic=False, languageStyle='LTR', name='text_3', opacity=1.0, ori=0, pos=array([ 0. , -0.3]), rgb=array([255., 255.,   0.]), text=str(...), units='height', win=Window(...), wrapWidth=1.5)
61.0308 	EXP 	Created space_3 = TextStim(__class__=<class 'psychopy.visual.text.TextStim'>, alignHoriz=method-wrapper(...), alignText='center', alignVert=method-wrapper(...), anchorHoriz='center', anchorVert='center', antialias=True, autoLog=True, bold=False, color='yellow', colorSpace='named', contrast=1.0, depth=-4.0, flipHoriz=False, flipVert=False, font='Arial', fontFiles=[], height=0.03, italic=False, languageStyle='LTR', name='space_3', opacity=1.0, ori=0, pos=array([ 0.4, -0.4]), rgb=array([255., 255.,   0.]), text='Press SPACE to continue ', units='height', win=Window(...), wrapWidth=1)
61.0549 	EXP 	Created text_4 = TextStim(__class__=<class 'psychopy.visual.text.TextStim'>, alignHoriz=method-wrapper(...), alignText='center', alignVert=method-wrapper(...), anchorHoriz='center', anchorVert='center', antialias=True, autoLog=True, bold=False, color='yellow', colorSpace='named', contrast=1.0, depth=0.0, flipHoriz=False, flipVert=False, font='Arial', fontFiles=[], height=0.03, italic=False, languageStyle='LTR', name='text_4', opacity=1.0, ori=0, pos=array([0. , 0.2]), rgb=array([255., 255.,   0.]), text=str(...), units='height', win=Window(...), wrapWidth=1)
61.1355 	EXP 	Created calibrationline = ImageStim(__class__=<class 'psychopy.visual.image.ImageStim'>, autoLog=True, color=array([1., 1., 1.]), colorSpace='rgb', contrast=1.0, depth=-2.0, flipHoriz=False, flipVert=False, image=str(...), interpolate=True, mask=None, maskParams=None, name='calibrationline', opacity=1.0, ori=0.0, pos=array([ 0. , -0.2]), size=array([0.1, 0.2]), texRes=128, units='height', win=Window(...))
61.1789 	EXP 	Created text_5 = TextStim(__class__=<class 'psychopy.visual.text.TextStim'>, alignHoriz=method-wrapper(...), alignText='center', alignVert=method-wrapper(...), anchorHoriz='center', anchorVert='center', antialias=True, autoLog=True, bold=False, color='yellow', colorSpace='named', contrast=1.0, depth=0.0, flipHoriz=False, flipVert=False, font='Arial', fontFiles=[], height=0.03, italic=False, languageStyle='LTR', name='text_5', opacity=1.0, ori=0, pos=array([0., 0.]), rgb=array([255., 255.,   0.]), text=str(...), units='height', win=Window(...), wrapWidth=2)
61.1960 	EXP 	Created space_4 = TextStim(__class__=<class 'psychopy.visual.text.TextStim'>, alignHoriz=method-wrapper(...), alignText='center', alignVert=method-wrapper(...), anchorHoriz='center', anchorVert='center', antialias=True, autoLog=True, bold=False, color='yellow', colorSpace='named', contrast=1.0, depth=-2.0, flipHoriz=False, flipVert=False, font='Arial', fontFiles=[], height=0.03, italic=False, languageStyle='LTR', name='space_4', opacity=1.0, ori=0, pos=array([ 0.4, -0.4]), rgb=array([255., 255.,   0.]), text='Press SPACE to continue ', units='height', win=Window(...), wrapWidth=1)
61.2118 	EXP 	Created space_5 = TextStim(__class__=<class 'psychopy.visual.text.TextStim'>, alignHoriz=method-wrapper(...), alignText='center', alignVert=method-wrapper(...), anchorHoriz='center', anchorVert='center', antialias=True, autoLog=True, bold=False, color='yellow', colorSpace='named', contrast=1.0, depth=-1.0, flipHoriz=False, flipVert=False, font='Arial', fontFiles=[], height=0.03, italic=False, languageStyle='LTR', name='space_5', opacity=1.0, ori=0, pos=array([ 0.4, -0.4]), rgb=array([255., 255.,   0.]), text='Press SPACE to continue ', units='height', win=Window(...), wrapWidth=1)
61.2237 	EXP 	Created instr_only = TextStim(__class__=<class 'psychopy.visual.text.TextStim'>, alignHoriz=method-wrapper(...), alignText='center', alignVert=method-wrapper(...), anchorHoriz='center', anchorVert='center', antialias=True, autoLog=True, bold=False, color='yellow', colorSpace='named', contrast=1.0, depth=-2.0, flipHoriz=False, flipVert=False, font='Arial', fontFiles=[], height=0.05, italic=False, languageStyle='LTR', name='instr_only', opacity=1.0, ori=0, pos=array([0. , 0.3]), rgb=array([255., 255.,   0.]), text='INSTRUCTIONS ONLY', units='height', win=Window(...), wrapWidth=1)
61.2352 	EXP 	Created text_6 = TextStim(__class__=<class 'psychopy.visual.text.TextStim'>, alignHoriz=method-wrapper(...), alignText='center', alignVert=method-wrapper(...), anchorHoriz='center', anchorVert='center', antialias=True, autoLog=True, bold=False, color='yellow', colorSpace='named', contrast=1.0, depth=-3.0, flipHoriz=False, flipVert=False, font='Arial', fontFiles=[], height=0.04, italic=False, languageStyle='LTR', name='text_6', opacity=1.0, ori=0, pos=array([ 0. , -0.3]), rgb=array([255., 255.,   0.]), text='1. Put a finger on <ENTER> on the keyboard.', units='height', win=Window(...), wrapWidth=1.5)
61.2609 	EXP 	Created space_7 = TextStim(__class__=<class 'psychopy.visual.text.TextStim'>, alignHoriz=method-wrapper(...), alignText='center', alignVert=method-wrapper(...), anchorHoriz='center', anchorVert='center', antialias=True, autoLog=True, bold=False, color='yellow', colorSpace='named', contrast=1.0, depth=-1.0, flipHoriz=False, flipVert=False, font='Arial', fontFiles=[], height=0.03, italic=False, languageStyle='LTR', name='space_7', opacity=1.0, ori=0, pos=array([ 0.4, -0.4]), rgb=array([255., 255.,   0.]), text='Press SPACE to continue ', units='height', win=Window(...), wrapWidth=1)
61.2721 	EXP 	Created instr_only_3 = TextStim(__class__=<class 'psychopy.visual.text.TextStim'>, alignHoriz=method-wrapper(...), alignText='center', alignVert=method-wrapper(...), anchorHoriz='center', anchorVert='center', antialias=True, autoLog=True, bold=False, color='yellow', colorSpace='named', contrast=1.0, depth=-2.0, flipHoriz=False, flipVert=False, font='Arial', fontFiles=[], height=0.05, italic=False, languageStyle='LTR', name='instr_only_3', opacity=1.0, ori=0, pos=array([0. , 0.3]), rgb=array([255., 255.,   0.]), text='INSTRUCTIONS ONLY', units='height', win=Window(...), wrapWidth=1)
61.2957 	EXP 	Created text_8 = TextStim(__class__=<class 'psychopy.visual.text.TextStim'>, alignHoriz=method-wrapper(...), alignText='center', alignVert=method-wrapper(...), anchorHoriz='center', anchorVert='center', antialias=True, autoLog=True, bold=False, color='yellow', colorSpace='named', contrast=1.0, depth=-3.0, flipHoriz=False, flipVert=False, font='Arial', fontFiles=[], height=0.04, italic=False, languageStyle='LTR', name='text_8', opacity=1.0, ori=0, pos=array([ 0. , -0.3]), rgb=array([255., 255.,   0.]), text='2. Close your right eye', units='height', win=Window(...), wrapWidth=1)
61.3164 	EXP 	Created space_6 = TextStim(__class__=<class 'psychopy.visual.text.TextStim'>, alignHoriz=method-wrapper(...), alignText='center', alignVert=method-wrapper(...), anchorHoriz='center', anchorVert='center', antialias=True, autoLog=True, bold=False, color='yellow', colorSpace='named', contrast=1.0, depth=-1.0, flipHoriz=False, flipVert=False, font='Arial', fontFiles=[], height=0.03, italic=False, languageStyle='LTR', name='space_6', opacity=1.0, ori=0, pos=array([ 0.4, -0.4]), rgb=array([255., 255.,   0.]), text='Press SPACE to continue ', units='height', win=Window(...), wrapWidth=1)
61.3211 	EXP 	Created instr_only_2 = TextStim(__class__=<class 'psychopy.visual.text.TextStim'>, alignHoriz=method-wrapper(...), alignText='center', alignVert=method-wrapper(...), anchorHoriz='center', anchorVert='center', antialias=True, autoLog=True, bold=False, color='yellow', colorSpace='named', contrast=1.0, depth=-2.0, flipHoriz=False, flipVert=False, font='Arial', fontFiles=[], height=0.05, italic=False, languageStyle='LTR', name='instr_only_2', opacity=1.0, ori=0, pos=array([0. , 0.3]), rgb=array([255., 255.,   0.]), text='INSTRUCTIONS ONLY', units='height', win=Window(...), wrapWidth=1)
61.3536 	EXP 	Created text_7 = TextStim(__class__=<class 'psychopy.visual.text.TextStim'>, alignHoriz=method-wrapper(...), alignText='center', alignVert=method-wrapper(...), anchorHoriz='center', anchorVert='center', antialias=True, autoLog=True, bold=False, color='yellow', colorSpace='named', contrast=1.0, depth=-3.0, flipHoriz=False, flipVert=False, font='Arial', fontFiles=[], height=0.03, italic=False, languageStyle='LTR', name='text_7', opacity=1.0, ori=0, pos=array([ 0. , -0.3]), rgb=array([255., 255.,   0.]), text=str(...), units='height', win=Window(...), wrapWidth=1.5)
61.3563 	EXP 	Created center_cross = ShapeStim(__class__=<class 'psychopy.visual.shape.ShapeStim'>, autoDraw=False, autoLog=True, closeShape=True, contrast=1.0, depth=-4.0, fillColor=array([1., 1., 1.]), fillColorSpace='rgb', interpolate=True, lineColor=array([1., 1., 1.]), lineColorSpace='rgb', lineWidth=1.5, name='center_cross', opacity=1.0, ori=array(0.), pos=array([0., 0.]), size=array([0.05, 0.05]), units='norm', vertices=ndarray(...), win=Window(...), windingRule=None)
61.3846 	EXP 	welcome: autoDraw = True
61.3846 	EXP 	space: autoDraw = True
62.6065 	DATA 	Keypress: space
62.6198 	EXP 	welcome: autoDraw = False
62.6198 	EXP 	space: autoDraw = False
62.6198 	EXP 	space_8: autoDraw = True
62.6198 	EXP 	intructioncircle_1: autoDraw = True
62.6198 	EXP 	instructioncircle_2: autoDraw = True
62.6198 	EXP 	instructioncircle_3: autoDraw = True
62.6198 	EXP 	instructioncircle_4: autoDraw = True
62.6198 	EXP 	instructioncircle_5: autoDraw = True
62.6198 	EXP 	insturctioncircle_6: autoDraw = True
62.6198 	EXP 	instructioncircle_7: autoDraw = True
62.6198 	EXP 	instructioncircle_8: autoDraw = True
62.6198 	EXP 	instructioncircle_9: autoDraw = True
74.7940 	DATA 	Keypress: space
74.8070 	EXP 	space_8: autoDraw = False
74.8070 	EXP 	intructioncircle_1: autoDraw = False
74.8070 	EXP 	instructioncircle_2: autoDraw = False
74.8070 	EXP 	instructioncircle_3: autoDraw = False
74.8070 	EXP 	instructioncircle_4: autoDraw = False
74.8070 	EXP 	instructioncircle_5: autoDraw = False
74.8070 	EXP 	insturctioncircle_6: autoDraw = False
74.8070 	EXP 	instructioncircle_7: autoDraw = False
74.8070 	EXP 	instructioncircle_8: autoDraw = False
74.8070 	EXP 	instructioncircle_9: autoDraw = False
74.8070 	EXP 	text_1: autoDraw = True
74.8070 	EXP 	space_2: autoDraw = True
74.8070 	EXP 	text_2: autoDraw = True
75.9772 	DATA 	Keypress: escape
76.4198 	EXP 	window1: mouseVisible = True
