1.2053 	WARNING 	We strongly recommend you activate the PTB sound engine in PsychoPy prefs as the preferred audio engine. Its timing is vastly superior. Your prefs are currently set to use ['sounddevice', 'pyo', 'pygame'] (in that order).
98.7277 	EXP 	Created window1 = Window(allowGUI=True, allowStencil=False, args=UNKNOWN, autoLog=True, bitsMode=UNKNOWN, blendMode='avg', bpc=(8, 8, 8), color=array([0., 0., 0.]), colorSpace='rgb', depthBits=8, fullscr=<method-wrapper '__getattribute__' of attributeSetter object at 0x12b663e48>, gamma=None, gammaErrorPolicy='raise', kwargs=UNKNOWN, lms=UNKNOWN, monitor=<psychopy.monitors.calibTools.Monitor object at 0x12b1b89e8>, multiSample=False, name='window1', numSamples=2, pos=[320.0, 200.0], screen=0, size=array([2560, 1600]), stencilBits=0, stereo=False, units='height', useFBO=True, useRetina=True, viewOri=0.0, viewPos=None, viewScale=None, waitBlanking=True, winType='pyglet')
98.7278 	EXP 	window1: recordFrameIntervals = False
98.8923 	EXP 	window1: recordFrameIntervals = True
99.0758 	EXP 	window1: recordFrameIntervals = False
99.1301 	EXP 	Created Circle_1 = Polygon(__class__=<class 'psychopy.visual.polygon.Polygon'>, autoDraw=False, autoLog=True, closeShape=True, color=method-wrapper(...), colorSpace=None, contrast=1.0, depth=0.0, fillColor=array([1., 1., 1.]), fillColorSpace='rgb255', fillRGB=array([1., 1., 1.]), interpolate=True, lineColor=None, lineColorSpace='rgb', lineRGB=None, lineWidth=1, name='Circle_1', opacity=1.0, ori=array(0.), pos=array([0., 0.]), size=array([50., 50.]), units='pix', vertices=ndarray(...), win=Window(...))
99.1320 	EXP 	Created centre_cross4 = ShapeStim(__class__=<class 'psychopy.visual.shape.ShapeStim'>, autoDraw=False, autoLog=True, closeShape=True, contrast=1.0, depth=-1.0, fillColor=array([1., 1., 1.]), fillColorSpace='rgb', interpolate=True, lineColor=array([1., 1., 1.]), lineColorSpace='rgb', lineWidth=1.5, name='centre_cross4', opacity=1.0, ori=array(0.), pos=array([0., 0.]), size=array([0.05, 0.05]), units='norm', vertices=ndarray(...), win=Window(...), windingRule=None)
99.1882 	EXP 	Created response1disk = ImageStim(__class__=<class 'psychopy.visual.image.ImageStim'>, autoLog=True, color=array([1., 1., 1.]), colorSpace='rgb', contrast=1.0, depth=0.0, flipHoriz=False, flipVert=False, image=str(...), interpolate=True, mask=None, maskParams=None, name='response1disk', opacity=1.0, ori=0.0, pos=array([0.09, 0.09]), size=array([0.15, 0.15]), texRes=128, units='height', win=Window(...))
99.1916 	EXP 	Created response2disk = ImageStim(__class__=<class 'psychopy.visual.image.ImageStim'>, autoLog=True, color=array([1., 1., 1.]), colorSpace='rgb', contrast=1.0, depth=-1.0, flipHoriz=False, flipVert=False, image=str(...), interpolate=True, mask=None, maskParams=None, name='response2disk', opacity=1.0, ori=0.0, pos=array([0.09, 0.09]), size=array([0.15, 0.15]), texRes=128, units='height', win=Window(...))
99.1962 	EXP 	Created response3disk = ImageStim(__class__=<class 'psychopy.visual.image.ImageStim'>, autoLog=True, color=array([1., 1., 1.]), colorSpace='rgb', contrast=1.0, depth=-2.0, flipHoriz=False, flipVert=False, image=str(...), interpolate=True, mask=None, maskParams=None, name='response3disk', opacity=1.0, ori=0.0, pos=array([ 0.09, -0.09]), size=array([0.15, 0.15]), texRes=128, units='height', win=Window(...))
99.2007 	EXP 	Created response4disk = ImageStim(__class__=<class 'psychopy.visual.image.ImageStim'>, autoLog=True, color=array([1., 1., 1.]), colorSpace='rgb', contrast=1.0, depth=-3.0, flipHoriz=False, flipVert=False, image=str(...), interpolate=True, mask=None, maskParams=None, name='response4disk', opacity=1.0, ori=0.0, pos=array([ 0.09, -0.09]), size=array([0.15, 0.15]), texRes=128, units='height', win=Window(...))
99.2042 	EXP 	Created response5disk = ImageStim(__class__=<class 'psychopy.visual.image.ImageStim'>, autoLog=True, color=array([1., 1., 1.]), colorSpace='rgb', contrast=1.0, depth=-4.0, flipHoriz=False, flipVert=False, image=str(...), interpolate=True, mask=None, maskParams=None, name='response5disk', opacity=1.0, ori=0.0, pos=array([-0.09, -0.09]), size=array([0.15, 0.15]), texRes=128, units='height', win=Window(...))
99.2089 	EXP 	Created response6disk = ImageStim(__class__=<class 'psychopy.visual.image.ImageStim'>, autoLog=True, color=array([1., 1., 1.]), colorSpace='rgb', contrast=1.0, depth=-5.0, flipHoriz=False, flipVert=False, image=str(...), interpolate=True, mask=None, maskParams=None, name='response6disk', opacity=1.0, ori=0.0, pos=array([-0.09, -0.09]), size=array([0.15, 0.15]), texRes=128, units='height', win=Window(...))
99.2135 	EXP 	Created response7disk = ImageStim(__class__=<class 'psychopy.visual.image.ImageStim'>, autoLog=True, color=array([1., 1., 1.]), colorSpace='rgb', contrast=1.0, depth=-6.0, flipHoriz=False, flipVert=False, image=str(...), interpolate=True, mask=None, maskParams=None, name='response7disk', opacity=1.0, ori=0.0, pos=array([-0.09,  0.09]), size=array([0.15, 0.15]), texRes=128, units='height', win=Window(...))
99.2167 	EXP 	Created response8disk = ImageStim(__class__=<class 'psychopy.visual.image.ImageStim'>, autoLog=True, color=array([1., 1., 1.]), colorSpace='rgb', contrast=1.0, depth=-7.0, flipHoriz=False, flipVert=False, image=str(...), interpolate=True, mask=None, maskParams=None, name='response8disk', opacity=1.0, ori=0.0, pos=array([-0.09,  0.09]), size=array([0.15, 0.15]), texRes=128, units='height', win=Window(...))
99.2338 	EXP 	Created Circle_2 = Polygon(__class__=<class 'psychopy.visual.polygon.Polygon'>, autoDraw=False, autoLog=True, closeShape=True, color=method-wrapper(...), colorSpace=None, contrast=1.0, depth=-9.0, fillColor=array([1., 1., 1.]), fillColorSpace='rgb255', fillRGB=array([1., 1., 1.]), interpolate=True, lineColor=None, lineColorSpace='rgb', lineRGB=None, lineWidth=1, name='Circle_2', opacity=1.0, ori=array(0.), pos=array([0., 0.]), size=array([0.1, 0.1]), units='height', vertices=ndarray(...), win=Window(...))
99.3600 	EXP 	Created text_23 = TextStim(__class__=<class 'psychopy.visual.text.TextStim'>, alignHoriz=method-wrapper(...), alignText='center', alignVert=method-wrapper(...), anchorHoriz='center', anchorVert='center', antialias=True, autoLog=True, bold=False, color='black', colorSpace='named', contrast=1.0, depth=-11.0, flipHoriz=False, flipVert=False, font='Arial', fontFiles=[], height=0.03, italic=False, languageStyle='LTR', name='text_23', opacity=1.0, ori=0, pos=array([ 0. , -0.3]), rgb=array([0., 0., 0.]), text=str(...), units='height', win=Window(...), wrapWidth=1)
99.3636 	EXP 	Created response1disk_2 = ImageStim(__class__=<class 'psychopy.visual.image.ImageStim'>, autoLog=True, color=array([1., 1., 1.]), colorSpace='rgb', contrast=1.0, depth=0.0, flipHoriz=False, flipVert=False, image=str(...), interpolate=True, mask=None, maskParams=None, name='response1disk_2', opacity=1.0, ori=0.0, pos=array([0.09, 0.09]), size=array([0.15, 0.15]), texRes=128, units='height', win=Window(...))
99.3670 	EXP 	Created response2disk_2 = ImageStim(__class__=<class 'psychopy.visual.image.ImageStim'>, autoLog=True, color=array([1., 1., 1.]), colorSpace='rgb', contrast=1.0, depth=-1.0, flipHoriz=False, flipVert=False, image=str(...), interpolate=True, mask=None, maskParams=None, name='response2disk_2', opacity=1.0, ori=0.0, pos=array([0.09, 0.09]), size=array([0.15, 0.15]), texRes=128, units='height', win=Window(...))
99.3718 	EXP 	Created response3disk_2 = ImageStim(__class__=<class 'psychopy.visual.image.ImageStim'>, autoLog=True, color=array([1., 1., 1.]), colorSpace='rgb', contrast=1.0, depth=-2.0, flipHoriz=False, flipVert=False, image=str(...), interpolate=True, mask=None, maskParams=None, name='response3disk_2', opacity=1.0, ori=0.0, pos=array([ 0.09, -0.09]), size=array([0.15, 0.15]), texRes=128, units='height', win=Window(...))
99.3765 	EXP 	Created response4disk_2 = ImageStim(__class__=<class 'psychopy.visual.image.ImageStim'>, autoLog=True, color=array([1., 1., 1.]), colorSpace='rgb', contrast=1.0, depth=-3.0, flipHoriz=False, flipVert=False, image=str(...), interpolate=True, mask=None, maskParams=None, name='response4disk_2', opacity=1.0, ori=0.0, pos=array([ 0.09, -0.09]), size=array([0.15, 0.15]), texRes=128, units='height', win=Window(...))
99.3797 	EXP 	Created response5disk_2 = ImageStim(__class__=<class 'psychopy.visual.image.ImageStim'>, autoLog=True, color=array([1., 1., 1.]), colorSpace='rgb', contrast=1.0, depth=-4.0, flipHoriz=False, flipVert=False, image=str(...), interpolate=True, mask=None, maskParams=None, name='response5disk_2', opacity=1.0, ori=0.0, pos=array([-0.09, -0.09]), size=array([0.15, 0.15]), texRes=128, units='height', win=Window(...))
99.3849 	EXP 	Created response6disk_2 = ImageStim(__class__=<class 'psychopy.visual.image.ImageStim'>, autoLog=True, color=array([1., 1., 1.]), colorSpace='rgb', contrast=1.0, depth=-5.0, flipHoriz=False, flipVert=False, image=str(...), interpolate=True, mask=None, maskParams=None, name='response6disk_2', opacity=1.0, ori=0.0, pos=array([-0.09, -0.09]), size=array([0.15, 0.15]), texRes=128, units='height', win=Window(...))
99.3898 	EXP 	Created response7disk_2 = ImageStim(__class__=<class 'psychopy.visual.image.ImageStim'>, autoLog=True, color=array([1., 1., 1.]), colorSpace='rgb', contrast=1.0, depth=-6.0, flipHoriz=False, flipVert=False, image=str(...), interpolate=True, mask=None, maskParams=None, name='response7disk_2', opacity=1.0, ori=0.0, pos=array([-0.09,  0.09]), size=array([0.15, 0.15]), texRes=128, units='height', win=Window(...))
99.3932 	EXP 	Created response8disk_2 = ImageStim(__class__=<class 'psychopy.visual.image.ImageStim'>, autoLog=True, color=array([1., 1., 1.]), colorSpace='rgb', contrast=1.0, depth=-7.0, flipHoriz=False, flipVert=False, image=str(...), interpolate=True, mask=None, maskParams=None, name='response8disk_2', opacity=1.0, ori=0.0, pos=array([-0.09,  0.09]), size=array([0.15, 0.15]), texRes=128, units='height', win=Window(...))
99.3956 	EXP 	Created rectangle = Rect(__class__=<class 'psychopy.visual.rect.Rect'>, autoDraw=False, autoLog=True, closeShape=True, color=method-wrapper(...), colorSpace=None, contrast=1.0, depth=-9.0, fillColor='green', fillColorSpace='named', fillRGB=array([  0., 128.,   0.]), interpolate=True, lineColor=None, lineColorSpace='rgb', lineRGB=None, lineWidth=1, name='rectangle', opacity=1.0, ori=array(0.), pos=array([0., 0.]), size=array([0.08, 0.08]), units='height', vertices=ndarray(...), win=Window(...))
99.4033 	EXP 	Created text_24 = TextStim(__class__=<class 'psychopy.visual.text.TextStim'>, alignHoriz=method-wrapper(...), alignText='center', alignVert=method-wrapper(...), anchorHoriz='center', anchorVert='center', antialias=True, autoLog=True, bold=False, color='black', colorSpace='named', contrast=1.0, depth=-10.0, flipHoriz=False, flipVert=False, font='Arial', fontFiles=[], height=0.03, italic=False, languageStyle='LTR', name='text_24', opacity=1.0, ori=0, pos=array([ 0. , -0.3]), rgb=array([0., 0., 0.]), text='default text', units='height', win=Window(...), wrapWidth=1)
99.4121 	EXP 	Created text_25 = TextStim(__class__=<class 'psychopy.visual.text.TextStim'>, alignHoriz=method-wrapper(...), alignText='center', alignVert=method-wrapper(...), anchorHoriz='center', anchorVert='center', antialias=True, autoLog=True, bold=False, color='black', colorSpace='named', contrast=1.0, depth=-12.0, flipHoriz=False, flipVert=False, font='Arial', fontFiles=[], height=0.03, italic=False, languageStyle='LTR', name='text_25', opacity=1.0, ori=0, pos=array([ 0.  , -0.27]), rgb=array([0., 0., 0.]), text=str(...), units='height', win=Window(...), wrapWidth=1)
99.4400 	EXP 	Created welcome = TextStim(__class__=<class 'psychopy.visual.text.TextStim'>, alignHoriz=method-wrapper(...), alignText='center', alignVert=method-wrapper(...), anchorHoriz='center', anchorVert='center', antialias=True, autoLog=True, bold=False, color='yellow', colorSpace='named', contrast=1.0, depth=0.0, flipHoriz=False, flipVert=False, font='Arial', fontFiles=[], height=0.08, italic=False, languageStyle='LTR', name='welcome', opacity=1.0, ori=0, pos=array([0., 0.]), rgb=array([255., 255.,   0.]), text=str(...), units='height', win=Window(...), wrapWidth=2)
99.4600 	EXP 	Created space = TextStim(__class__=<class 'psychopy.visual.text.TextStim'>, alignHoriz=method-wrapper(...), alignText='center', alignVert=method-wrapper(...), anchorHoriz='center', anchorVert='center', antialias=True, autoLog=True, bold=False, color='yellow', colorSpace='named', contrast=1.0, depth=-2.0, flipHoriz=False, flipVert=False, font='Arial', fontFiles=[], height=0.03, italic=False, languageStyle='LTR', name='space', opacity=1.0, ori=0, pos=array([ 0.4, -0.4]), rgb=array([255., 255.,   0.]), text='Press SPACE to continue ', units='height', win=Window(...), wrapWidth=1)
99.5083 	EXP 	Created image = ImageStim(__class__=<class 'psychopy.visual.image.ImageStim'>, autoLog=True, color=array([1., 1., 1.]), colorSpace='rgb', contrast=1.0, depth=0.0, flipHoriz=False, flipVert=False, image=str(...), interpolate=True, mask=None, maskParams=None, name='image', opacity=1.0, ori=0.0, pos=array([0., 0.]), size=array([1., 1.]), texRes=128, units='height', win=Window(...))
99.5615 	EXP 	Created slider = RatingScale(__class__=type(...), acceptKeys=['return'], acceptPreText=UNKNOWN, acceptSize=UNKNOWN, acceptText='accept?', autoLog=True, choices=False, depth=0, disappear=False, flipVert=False, high=7, kwargs=UNKNOWN, labels=list(...), leftKeys=['left'], lineColor='White', low=1, marker=ShapeStim(...), markerColor='DarkBlue', markerExpansion=UNKNOWN, markerStart=None, maxTime=0.0, minTime=0.4, mouseOnly=False, name='slider', noMouse=False, pos=[0.0, -0.4], precision=1, respKeys=['1', '2', '3', '4', '5', '6', '7'], rightKeys=['right'], scale='', self=UNKNOWN, showAccept=True, showValue=True, singleClick=False, size=0.6, skipKeys=['tab'], stretch=1.0, textColor='LightGray', textFont='Helvetica Bold', textSize=0.12, tickHeight=1.0, tickMarks=6.0, win=Window(...))
99.6004 	EXP 	Created text_1 = TextStim(__class__=<class 'psychopy.visual.text.TextStim'>, alignHoriz=method-wrapper(...), alignText='center', alignVert=method-wrapper(...), anchorHoriz='center', anchorVert='center', antialias=True, autoLog=True, bold=False, color='yellow', colorSpace='named', contrast=1.0, depth=0.0, flipHoriz=False, flipVert=False, font='Arial', fontFiles=[], height=0.04, italic=False, languageStyle='LTR', name='text_1', opacity=1.0, ori=0, pos=array([0. , 0.3]), rgb=array([255., 255.,   0.]), text=str(...), units='height', win=Window(...), wrapWidth=1.5)
99.6242 	EXP 	Created space_2 = TextStim(__class__=<class 'psychopy.visual.text.TextStim'>, alignHoriz=method-wrapper(...), alignText='center', alignVert=method-wrapper(...), anchorHoriz='center', anchorVert='center', antialias=True, autoLog=True, bold=False, color='yellow', colorSpace='named', contrast=1.0, depth=-1.0, flipHoriz=False, flipVert=False, font='Arial', fontFiles=[], height=0.03, italic=False, languageStyle='LTR', name='space_2', opacity=1.0, ori=0, pos=array([ 0.4, -0.4]), rgb=array([255., 255.,   0.]), text='Press SPACE to continue ', units='height', win=Window(...), wrapWidth=1)
99.6526 	EXP 	Created text_2 = TextStim(__class__=<class 'psychopy.visual.text.TextStim'>, alignHoriz=method-wrapper(...), alignText='center', alignVert=method-wrapper(...), anchorHoriz='center', anchorVert='center', antialias=True, autoLog=True, bold=False, color='red', colorSpace='named', contrast=1.0, depth=-2.0, flipHoriz=False, flipVert=False, font='Arial', fontFiles=[], height=0.04, italic=False, languageStyle='LTR', name='text_2', opacity=1.0, ori=0, pos=array([ 0. , -0.3]), rgb=array([255.,   0.,   0.]), text=str(...), units='height', win=Window(...), wrapWidth=1.5)
99.6954 	EXP 	Created text = TextStim(__class__=<class 'psychopy.visual.text.TextStim'>, alignHoriz=method-wrapper(...), alignText='center', alignVert=method-wrapper(...), anchorHoriz='center', anchorVert='center', antialias=True, autoLog=True, bold=False, color='yellow', colorSpace='named', contrast=1.0, depth=-1.0, flipHoriz=False, flipVert=False, font='Arial', fontFiles=[], height=0.03, italic=False, languageStyle='LTR', name='text', opacity=1.0, ori=0, pos=array([ 0. , -0.2]), rgb=array([255., 255.,   0.]), text=str(...), units='height', win=Window(...), wrapWidth=1.5)
99.7311 	EXP 	Created text_3 = TextStim(__class__=<class 'psychopy.visual.text.TextStim'>, alignHoriz=method-wrapper(...), alignText='center', alignVert=method-wrapper(...), anchorHoriz='center', anchorVert='center', antialias=True, autoLog=True, bold=False, color='yellow', colorSpace='named', contrast=1.0, depth=-3.0, flipHoriz=False, flipVert=False, font='Arial', fontFiles=[], height=0.03, italic=False, languageStyle='LTR', name='text_3', opacity=1.0, ori=0, pos=array([ 0. , -0.3]), rgb=array([255., 255.,   0.]), text=str(...), units='height', win=Window(...), wrapWidth=1.5)
99.7351 	EXP 	Created space_3 = TextStim(__class__=<class 'psychopy.visual.text.TextStim'>, alignHoriz=method-wrapper(...), alignText='center', alignVert=method-wrapper(...), anchorHoriz='center', anchorVert='center', antialias=True, autoLog=True, bold=False, color='yellow', colorSpace='named', contrast=1.0, depth=-4.0, flipHoriz=False, flipVert=False, font='Arial', fontFiles=[], height=0.03, italic=False, languageStyle='LTR', name='space_3', opacity=1.0, ori=0, pos=array([ 0.4, -0.4]), rgb=array([255., 255.,   0.]), text='Press SPACE to continue ', units='height', win=Window(...), wrapWidth=1)
99.7578 	EXP 	Created text_4 = TextStim(__class__=<class 'psychopy.visual.text.TextStim'>, alignHoriz=method-wrapper(...), alignText='center', alignVert=method-wrapper(...), anchorHoriz='center', anchorVert='center', antialias=True, autoLog=True, bold=False, color='yellow', colorSpace='named', contrast=1.0, depth=0.0, flipHoriz=False, flipVert=False, font='Arial', fontFiles=[], height=0.03, italic=False, languageStyle='LTR', name='text_4', opacity=1.0, ori=0, pos=array([0. , 0.2]), rgb=array([255., 255.,   0.]), text=str(...), units='height', win=Window(...), wrapWidth=1)
99.7739 	EXP 	Created calibrationline = ImageStim(__class__=<class 'psychopy.visual.image.ImageStim'>, autoLog=True, color=array([1., 1., 1.]), colorSpace='rgb', contrast=1.0, depth=-2.0, flipHoriz=False, flipVert=False, image=str(...), interpolate=True, mask=None, maskParams=None, name='calibrationline', opacity=1.0, ori=0.0, pos=array([ 0. , -0.2]), size=array([0.1, 0.2]), texRes=128, units='height', win=Window(...))
99.8096 	EXP 	Created text_5 = TextStim(__class__=<class 'psychopy.visual.text.TextStim'>, alignHoriz=method-wrapper(...), alignText='center', alignVert=method-wrapper(...), anchorHoriz='center', anchorVert='center', antialias=True, autoLog=True, bold=False, color='yellow', colorSpace='named', contrast=1.0, depth=0.0, flipHoriz=False, flipVert=False, font='Arial', fontFiles=[], height=0.03, italic=False, languageStyle='LTR', name='text_5', opacity=1.0, ori=0, pos=array([0., 0.]), rgb=array([255., 255.,   0.]), text=str(...), units='height', win=Window(...), wrapWidth=2)
99.8223 	EXP 	Created space_4 = TextStim(__class__=<class 'psychopy.visual.text.TextStim'>, alignHoriz=method-wrapper(...), alignText='center', alignVert=method-wrapper(...), anchorHoriz='center', anchorVert='center', antialias=True, autoLog=True, bold=False, color='yellow', colorSpace='named', contrast=1.0, depth=-2.0, flipHoriz=False, flipVert=False, font='Arial', fontFiles=[], height=0.03, italic=False, languageStyle='LTR', name='space_4', opacity=1.0, ori=0, pos=array([ 0.4, -0.4]), rgb=array([255., 255.,   0.]), text='Press SPACE to continue ', units='height', win=Window(...), wrapWidth=1)
99.8350 	EXP 	Created space_5 = TextStim(__class__=<class 'psychopy.visual.text.TextStim'>, alignHoriz=method-wrapper(...), alignText='center', alignVert=method-wrapper(...), anchorHoriz='center', anchorVert='center', antialias=True, autoLog=True, bold=False, color='yellow', colorSpace='named', contrast=1.0, depth=-1.0, flipHoriz=False, flipVert=False, font='Arial', fontFiles=[], height=0.03, italic=False, languageStyle='LTR', name='space_5', opacity=1.0, ori=0, pos=array([ 0.4, -0.4]), rgb=array([255., 255.,   0.]), text='Press SPACE to continue ', units='height', win=Window(...), wrapWidth=1)
99.8475 	EXP 	Created instr_only = TextStim(__class__=<class 'psychopy.visual.text.TextStim'>, alignHoriz=method-wrapper(...), alignText='center', alignVert=method-wrapper(...), anchorHoriz='center', anchorVert='center', antialias=True, autoLog=True, bold=False, color='yellow', colorSpace='named', contrast=1.0, depth=-2.0, flipHoriz=False, flipVert=False, font='Arial', fontFiles=[], height=0.05, italic=False, languageStyle='LTR', name='instr_only', opacity=1.0, ori=0, pos=array([0. , 0.3]), rgb=array([255., 255.,   0.]), text='INSTRUCTIONS ONLY', units='height', win=Window(...), wrapWidth=1)
99.8715 	EXP 	Created text_6 = TextStim(__class__=<class 'psychopy.visual.text.TextStim'>, alignHoriz=method-wrapper(...), alignText='center', alignVert=method-wrapper(...), anchorHoriz='center', anchorVert='center', antialias=True, autoLog=True, bold=False, color='yellow', colorSpace='named', contrast=1.0, depth=-3.0, flipHoriz=False, flipVert=False, font='Arial', fontFiles=[], height=0.04, italic=False, languageStyle='LTR', name='text_6', opacity=1.0, ori=0, pos=array([ 0. , -0.3]), rgb=array([255., 255.,   0.]), text='1. Put a finger on <ENTER> on the keyboard.', units='height', win=Window(...), wrapWidth=1.5)
99.9049 	EXP 	Created space_7 = TextStim(__class__=<class 'psychopy.visual.text.TextStim'>, alignHoriz=method-wrapper(...), alignText='center', alignVert=method-wrapper(...), anchorHoriz='center', anchorVert='center', antialias=True, autoLog=True, bold=False, color='yellow', colorSpace='named', contrast=1.0, depth=-1.0, flipHoriz=False, flipVert=False, font='Arial', fontFiles=[], height=0.03, italic=False, languageStyle='LTR', name='space_7', opacity=1.0, ori=0, pos=array([ 0.4, -0.4]), rgb=array([255., 255.,   0.]), text='Press SPACE to continue ', units='height', win=Window(...), wrapWidth=1)
99.9137 	EXP 	Created instr_only_3 = TextStim(__class__=<class 'psychopy.visual.text.TextStim'>, alignHoriz=method-wrapper(...), alignText='center', alignVert=method-wrapper(...), anchorHoriz='center', anchorVert='center', antialias=True, autoLog=True, bold=False, color='yellow', colorSpace='named', contrast=1.0, depth=-2.0, flipHoriz=False, flipVert=False, font='Arial', fontFiles=[], height=0.05, italic=False, languageStyle='LTR', name='instr_only_3', opacity=1.0, ori=0, pos=array([0. , 0.3]), rgb=array([255., 255.,   0.]), text='INSTRUCTIONS ONLY', units='height', win=Window(...), wrapWidth=1)
99.9253 	EXP 	Created text_8 = TextStim(__class__=<class 'psychopy.visual.text.TextStim'>, alignHoriz=method-wrapper(...), alignText='center', alignVert=method-wrapper(...), anchorHoriz='center', anchorVert='center', antialias=True, autoLog=True, bold=False, color='yellow', colorSpace='named', contrast=1.0, depth=-3.0, flipHoriz=False, flipVert=False, font='Arial', fontFiles=[], height=0.04, italic=False, languageStyle='LTR', name='text_8', opacity=1.0, ori=0, pos=array([ 0. , -0.3]), rgb=array([255., 255.,   0.]), text='2. Close your right eye', units='height', win=Window(...), wrapWidth=1)
99.9390 	EXP 	Created space_6 = TextStim(__class__=<class 'psychopy.visual.text.TextStim'>, alignHoriz=method-wrapper(...), alignText='center', alignVert=method-wrapper(...), anchorHoriz='center', anchorVert='center', antialias=True, autoLog=True, bold=False, color='yellow', colorSpace='named', contrast=1.0, depth=-1.0, flipHoriz=False, flipVert=False, font='Arial', fontFiles=[], height=0.03, italic=False, languageStyle='LTR', name='space_6', opacity=1.0, ori=0, pos=array([ 0.4, -0.4]), rgb=array([255., 255.,   0.]), text='Press SPACE to continue ', units='height', win=Window(...), wrapWidth=1)
99.9423 	EXP 	Created instr_only_2 = TextStim(__class__=<class 'psychopy.visual.text.TextStim'>, alignHoriz=method-wrapper(...), alignText='center', alignVert=method-wrapper(...), anchorHoriz='center', anchorVert='center', antialias=True, autoLog=True, bold=False, color='yellow', colorSpace='named', contrast=1.0, depth=-2.0, flipHoriz=False, flipVert=False, font='Arial', fontFiles=[], height=0.05, italic=False, languageStyle='LTR', name='instr_only_2', opacity=1.0, ori=0, pos=array([0. , 0.3]), rgb=array([255., 255.,   0.]), text='INSTRUCTIONS ONLY', units='height', win=Window(...), wrapWidth=1)
99.9694 	EXP 	Created text_7 = TextStim(__class__=<class 'psychopy.visual.text.TextStim'>, alignHoriz=method-wrapper(...), alignText='center', alignVert=method-wrapper(...), anchorHoriz='center', anchorVert='center', antialias=True, autoLog=True, bold=False, color='yellow', colorSpace='named', contrast=1.0, depth=-3.0, flipHoriz=False, flipVert=False, font='Arial', fontFiles=[], height=0.03, italic=False, languageStyle='LTR', name='text_7', opacity=1.0, ori=0, pos=array([ 0. , -0.3]), rgb=array([255., 255.,   0.]), text=str(...), units='height', win=Window(...), wrapWidth=1.5)
99.9716 	EXP 	Created center_cross = ShapeStim(__class__=<class 'psychopy.visual.shape.ShapeStim'>, autoDraw=False, autoLog=True, closeShape=True, contrast=1.0, depth=-4.0, fillColor=array([1., 1., 1.]), fillColorSpace='rgb', interpolate=True, lineColor=array([1., 1., 1.]), lineColorSpace='rgb', lineWidth=1.5, name='center_cross', opacity=1.0, ori=array(0.), pos=array([0., 0.]), size=array([0.05, 0.05]), units='norm', vertices=ndarray(...), win=Window(...), windingRule=None)
99.9966 	EXP 	Created intructioncircle_1 = Polygon(__class__=<class 'psychopy.visual.polygon.Polygon'>, autoDraw=False, autoLog=True, closeShape=True, color=method-wrapper(...), colorSpace=None, contrast=1.0, depth=-2.0, fillColor=array([255.,   0.,   0.]), fillColorSpace='rgb255', fillRGB=array([255.,   0.,   0.]), interpolate=True, lineColor=None, lineColorSpace='rgb', lineRGB=None, lineWidth=1, name='intructioncircle_1', opacity=1.0, ori=array(0.), pos=array([0., 0.]), size=array([0.05, 0.05]), units='height', vertices=ndarray(...), win=Window(...))
100.0120 	EXP 	Created instructioncircle_2 = Polygon(__class__=<class 'psychopy.visual.polygon.Polygon'>, autoDraw=False, autoLog=True, closeShape=True, color=method-wrapper(...), colorSpace=None, contrast=1.0, depth=-3.0, fillColor=array([255., 170.,   0.]), fillColorSpace='rgb255', fillRGB=array([255., 170.,   0.]), interpolate=True, lineColor=None, lineColorSpace='rgb', lineRGB=None, lineWidth=1, name='instructioncircle_2', opacity=1.0, ori=array(0.), pos=array([0., 0.]), size=array([0.05, 0.05]), units='height', vertices=ndarray(...), win=Window(...))
100.0272 	EXP 	Created instructioncircle_3 = Polygon(__class__=<class 'psychopy.visual.polygon.Polygon'>, autoDraw=False, autoLog=True, closeShape=True, color=method-wrapper(...), colorSpace=None, contrast=1.0, depth=-4.0, fillColor=array([170., 255.,   0.]), fillColorSpace='rgb255', fillRGB=array([170., 255.,   0.]), interpolate=True, lineColor=array([170., 255.,   0.]), lineColorSpace='rgb', lineRGB=array([170., 255.,   0.]), lineWidth=1, name='instructioncircle_3', opacity=1.0, ori=array(0.), pos=array([0., 0.]), size=array([0.05, 0.05]), units='height', vertices=ndarray(...), win=Window(...))
100.0424 	EXP 	Created instructioncircle_4 = Polygon(__class__=<class 'psychopy.visual.polygon.Polygon'>, autoDraw=False, autoLog=True, closeShape=True, color=method-wrapper(...), colorSpace=None, contrast=1.0, depth=-5.0, fillColor=array([  0., 255.,   0.]), fillColorSpace='rgb255', fillRGB=array([  0., 255.,   0.]), interpolate=True, lineColor=None, lineColorSpace='rgb', lineRGB=None, lineWidth=1, name='instructioncircle_4', opacity=1.0, ori=array(0.), pos=array([0., 0.]), size=array([0.05, 0.05]), units='height', vertices=ndarray(...), win=Window(...))
100.0582 	EXP 	Created instructioncircle_5 = Polygon(__class__=<class 'psychopy.visual.polygon.Polygon'>, autoDraw=False, autoLog=True, closeShape=True, color=method-wrapper(...), colorSpace=None, contrast=1.0, depth=-6.0, fillColor=array([  0., 255., 169.]), fillColorSpace='rgb255', fillRGB=array([  0., 255., 169.]), interpolate=True, lineColor=None, lineColorSpace='rgb', lineRGB=None, lineWidth=1, name='instructioncircle_5', opacity=1.0, ori=array(0.), pos=array([0., 0.]), size=array([0.05, 0.05]), units='height', vertices=ndarray(...), win=Window(...))
100.0725 	EXP 	Created insturctioncircle_6 = Polygon(__class__=<class 'psychopy.visual.polygon.Polygon'>, autoDraw=False, autoLog=True, closeShape=True, color=method-wrapper(...), colorSpace=None, contrast=1.0, depth=-7.0, fillColor=array([  0., 169., 255.]), fillColorSpace='rgb255', fillRGB=array([  0., 169., 255.]), interpolate=True, lineColor=None, lineColorSpace='rgb', lineRGB=None, lineWidth=1, name='insturctioncircle_6', opacity=1.0, ori=array(0.), pos=array([0., 0.]), size=array([0.05, 0.05]), units='height', vertices=ndarray(...), win=Window(...))
100.0871 	EXP 	Created instructioncircle_7 = Polygon(__class__=<class 'psychopy.visual.polygon.Polygon'>, autoDraw=False, autoLog=True, closeShape=True, color=method-wrapper(...), colorSpace=None, contrast=1.0, depth=-8.0, fillColor=array([  0.,   0., 255.]), fillColorSpace='rgb255', fillRGB=array([  0.,   0., 255.]), interpolate=True, lineColor=None, lineColorSpace='rgb', lineRGB=None, lineWidth=1, name='instructioncircle_7', opacity=1.0, ori=array(0.), pos=array([0., 0.]), size=array([0.05, 0.05]), units='height', vertices=ndarray(...), win=Window(...))
100.1011 	EXP 	Created instructioncircle_8 = Polygon(__class__=<class 'psychopy.visual.polygon.Polygon'>, autoDraw=False, autoLog=True, closeShape=True, color=method-wrapper(...), colorSpace=None, contrast=1.0, depth=-9.0, fillColor=array([170.,   0., 255.]), fillColorSpace='rgb255', fillRGB=array([170.,   0., 255.]), interpolate=True, lineColor=None, lineColorSpace='rgb', lineRGB=None, lineWidth=1, name='instructioncircle_8', opacity=1.0, ori=array(0.), pos=array([0., 0.]), size=array([0.05, 0.05]), units='height', vertices=ndarray(...), win=Window(...))
100.1163 	EXP 	Created instructioncircle_9 = Polygon(__class__=<class 'psychopy.visual.polygon.Polygon'>, autoDraw=False, autoLog=True, closeShape=True, color=method-wrapper(...), colorSpace=None, contrast=1.0, depth=-10.0, fillColor=array([255.,   0., 170.]), fillColorSpace='rgb255', fillRGB=array([255.,   0., 170.]), interpolate=True, lineColor=None, lineColorSpace='rgb', lineRGB=None, lineWidth=1, name='instructioncircle_9', opacity=1.0, ori=array(0.), pos=array([0., 0.]), size=array([0.05, 0.05]), units='height', vertices=ndarray(...), win=Window(...))
100.1194 	EXP 	Created space_9 = TextStim(__class__=<class 'psychopy.visual.text.TextStim'>, alignHoriz=method-wrapper(...), alignText='center', alignVert=method-wrapper(...), anchorHoriz='center', anchorVert='center', antialias=True, autoLog=True, bold=False, color='yellow', colorSpace='named', contrast=1.0, depth=-11.0, flipHoriz=False, flipVert=False, font='Arial', fontFiles=[], height=0.03, italic=False, languageStyle='LTR', name='space_9', opacity=1.0, ori=0, pos=array([ 0.4, -0.4]), rgb=array([255., 255.,   0.]), text='Press SPACE to continue ', units='height', win=Window(...), wrapWidth=1)
100.1283 	EXP 	Created text_9 = TextStim(__class__=<class 'psychopy.visual.text.TextStim'>, alignHoriz=method-wrapper(...), alignText='center', alignVert=method-wrapper(...), anchorHoriz='center', anchorVert='center', antialias=True, autoLog=True, bold=False, color='yellow', colorSpace='named', contrast=1.0, depth=-12.0, flipHoriz=False, flipVert=False, font='Arial', fontFiles=[], height=0.03, italic=False, languageStyle='LTR', name='text_9', opacity=1.0, ori=0, pos=array([0. , 0.4]), rgb=array([255., 255.,   0.]), text=str(...), units='height', win=Window(...), wrapWidth=1)
100.1318 	EXP 	Created space_10 = TextStim(__class__=<class 'psychopy.visual.text.TextStim'>, alignHoriz=method-wrapper(...), alignText='center', alignVert=method-wrapper(...), anchorHoriz='center', anchorVert='center', antialias=True, autoLog=True, bold=False, color='yellow', colorSpace='named', contrast=1.0, depth=0.0, flipHoriz=False, flipVert=False, font='Arial', fontFiles=[], height=0.03, italic=False, languageStyle='LTR', name='space_10', opacity=1.0, ori=0, pos=array([ 0.4, -0.4]), rgb=array([255., 255.,   0.]), text='Press SPACE to continue ', units='height', win=Window(...), wrapWidth=1)
100.1476 	EXP 	Created text_10 = TextStim(__class__=<class 'psychopy.visual.text.TextStim'>, alignHoriz=method-wrapper(...), alignText='center', alignVert=method-wrapper(...), anchorHoriz='center', anchorVert='center', antialias=True, autoLog=True, bold=False, color='yellow', colorSpace='named', contrast=1.0, depth=-1.0, flipHoriz=False, flipVert=False, font='Arial', fontFiles=[], height=0.03, italic=False, languageStyle='LTR', name='text_10', opacity=1.0, ori=0, pos=array([0., 0.]), rgb=array([255., 255.,   0.]), text=str(...), units='height', win=Window(...), wrapWidth=1)
100.1814 	EXP 	Imported Stimconditions.xlsx as conditions, 162 conditions, 3 params
100.1822 	EXP 	Created sequence: random, trialTypes=162, nReps=2, seed=None
100.1825 	EXP 	New trial (rep=0, index=0): OrderedDict([('Colour_1', 7), ('Colour_2', 8), ('Ecc', 'FF')])
100.2126 	EXP 	slider: flipVert = False
100.2126 	EXP 	slider: autoLog = True
100.2126 	EXP 	Circle_1: autoDraw = True
100.2126 	EXP 	centre_cross4: autoDraw = True
100.4772 	EXP 	Circle_1: autoDraw = False
100.6938 	EXP 	Circle_1: autoDraw = False
100.6938 	EXP 	centre_cross4: autoDraw = False
100.6938 	EXP 	response1disk: autoDraw = True
100.6938 	EXP 	response2disk: autoDraw = True
100.6938 	EXP 	response3disk: autoDraw = True
100.6938 	EXP 	response4disk: autoDraw = True
100.6938 	EXP 	response5disk: autoDraw = True
100.6938 	EXP 	response6disk: autoDraw = True
100.6938 	EXP 	response7disk: autoDraw = True
100.6938 	EXP 	response8disk: autoDraw = True
100.6938 	EXP 	Circle_2: autoDraw = True
100.6938 	EXP 	text_23: autoDraw = True
101.6641 	DATA 	Mouse: Left button down, pos=(681,306)
101.7267 	EXP 	response1disk: autoDraw = False
101.7267 	EXP 	response2disk: autoDraw = False
101.7267 	EXP 	response3disk: autoDraw = False
101.7267 	EXP 	response4disk: autoDraw = False
101.7267 	EXP 	response5disk: autoDraw = False
101.7267 	EXP 	response6disk: autoDraw = False
101.7267 	EXP 	response7disk: autoDraw = False
101.7267 	EXP 	response8disk: autoDraw = False
101.7267 	EXP 	Circle_2: autoDraw = False
101.7267 	EXP 	text_23: autoDraw = False
101.7267 	EXP 	response1disk_2: autoDraw = True
101.7267 	EXP 	response2disk_2: autoDraw = True
101.7267 	EXP 	response3disk_2: autoDraw = True
101.7267 	EXP 	response4disk_2: autoDraw = True
101.7267 	EXP 	response5disk_2: autoDraw = True
101.7267 	EXP 	response6disk_2: autoDraw = True
101.7267 	EXP 	response7disk_2: autoDraw = True
101.7267 	EXP 	response8disk_2: autoDraw = True
101.7267 	EXP 	rectangle: autoDraw = True
101.7267 	EXP 	text_24: autoDraw = True
101.7267 	EXP 	text_25: autoDraw = True
101.7942 	DATA 	Mouse:  Left button up, pos=(681,306)
107.0967 	DATA 	Mouse: Left button down, pos=(640,393)
107.1075 	EXP 	New trial (rep=0, index=1): OrderedDict([('Colour_1', 3), ('Colour_2', 1), ('Ecc', 'FF')])
107.1294 	EXP 	response1disk_2: autoDraw = False
107.1294 	EXP 	response2disk_2: autoDraw = False
107.1294 	EXP 	response3disk_2: autoDraw = False
107.1294 	EXP 	response4disk_2: autoDraw = False
107.1294 	EXP 	response5disk_2: autoDraw = False
107.1294 	EXP 	response6disk_2: autoDraw = False
107.1294 	EXP 	response7disk_2: autoDraw = False
107.1294 	EXP 	response8disk_2: autoDraw = False
107.1294 	EXP 	rectangle: autoDraw = False
107.1294 	EXP 	text_24: autoDraw = False
107.1294 	EXP 	text_25: autoDraw = False
107.1294 	EXP 	Circle_1: autoDraw = True
107.1294 	EXP 	centre_cross4: autoDraw = True
107.2482 	DATA 	Mouse:  Left button up, pos=(640,393)
107.3795 	EXP 	Circle_1: autoDraw = False
107.6298 	EXP 	Circle_1: autoDraw = False
107.6298 	EXP 	centre_cross4: autoDraw = False
107.6298 	EXP 	response1disk: autoDraw = True
107.6298 	EXP 	response2disk: autoDraw = True
107.6298 	EXP 	response3disk: autoDraw = True
107.6298 	EXP 	response4disk: autoDraw = True
107.6298 	EXP 	response5disk: autoDraw = True
107.6298 	EXP 	response6disk: autoDraw = True
107.6298 	EXP 	response7disk: autoDraw = True
107.6298 	EXP 	response8disk: autoDraw = True
107.6298 	EXP 	Circle_2: autoDraw = True
107.6298 	EXP 	text_23: autoDraw = True
108.4476 	DATA 	Mouse: Left button down, pos=(720,348)
108.4667 	EXP 	response1disk: autoDraw = False
108.4667 	EXP 	response2disk: autoDraw = False
108.4667 	EXP 	response3disk: autoDraw = False
108.4667 	EXP 	response4disk: autoDraw = False
108.4667 	EXP 	response5disk: autoDraw = False
108.4667 	EXP 	response6disk: autoDraw = False
108.4667 	EXP 	response7disk: autoDraw = False
108.4667 	EXP 	response8disk: autoDraw = False
108.4667 	EXP 	Circle_2: autoDraw = False
108.4667 	EXP 	text_23: autoDraw = False
108.4667 	EXP 	response1disk_2: autoDraw = True
108.4667 	EXP 	response2disk_2: autoDraw = True
108.4667 	EXP 	response3disk_2: autoDraw = True
108.4667 	EXP 	response4disk_2: autoDraw = True
108.4667 	EXP 	response5disk_2: autoDraw = True
108.4667 	EXP 	response6disk_2: autoDraw = True
108.4667 	EXP 	response7disk_2: autoDraw = True
108.4667 	EXP 	response8disk_2: autoDraw = True
108.4667 	EXP 	rectangle: autoDraw = True
108.4667 	EXP 	text_24: autoDraw = True
108.4667 	EXP 	text_25: autoDraw = True
108.6139 	DATA 	Mouse:  Left button up, pos=(720,348)
109.9146 	DATA 	Mouse: Left button down, pos=(635,400)
109.9181 	EXP 	New trial (rep=0, index=2): OrderedDict([('Colour_1', 4), ('Colour_2', 6), ('Ecc', 'FF')])
109.9306 	EXP 	response1disk_2: autoDraw = False
109.9306 	EXP 	response2disk_2: autoDraw = False
109.9306 	EXP 	response3disk_2: autoDraw = False
109.9306 	EXP 	response4disk_2: autoDraw = False
109.9306 	EXP 	response5disk_2: autoDraw = False
109.9306 	EXP 	response6disk_2: autoDraw = False
109.9306 	EXP 	response7disk_2: autoDraw = False
109.9306 	EXP 	response8disk_2: autoDraw = False
109.9306 	EXP 	rectangle: autoDraw = False
109.9306 	EXP 	text_24: autoDraw = False
109.9306 	EXP 	text_25: autoDraw = False
109.9306 	EXP 	Circle_1: autoDraw = True
109.9306 	EXP 	centre_cross4: autoDraw = True
110.0493 	DATA 	Mouse:  Left button up, pos=(635,400)
110.1806 	EXP 	Circle_1: autoDraw = False
110.4306 	EXP 	centre_cross4: autoDraw = False
110.4306 	EXP 	Circle_1: autoDraw = False
110.4306 	EXP 	centre_cross4: autoDraw = False
110.4306 	EXP 	response1disk: autoDraw = True
110.4306 	EXP 	response2disk: autoDraw = True
110.4306 	EXP 	response3disk: autoDraw = True
110.4306 	EXP 	response4disk: autoDraw = True
110.4306 	EXP 	response5disk: autoDraw = True
110.4306 	EXP 	response6disk: autoDraw = True
110.4306 	EXP 	response7disk: autoDraw = True
110.4306 	EXP 	response8disk: autoDraw = True
110.4306 	EXP 	Circle_2: autoDraw = True
110.4306 	EXP 	text_23: autoDraw = True
111.1318 	DATA 	Mouse: Left button down, pos=(674,311)
111.1507 	EXP 	response1disk: autoDraw = False
111.1507 	EXP 	response2disk: autoDraw = False
111.1507 	EXP 	response3disk: autoDraw = False
111.1507 	EXP 	response4disk: autoDraw = False
111.1507 	EXP 	response5disk: autoDraw = False
111.1507 	EXP 	response6disk: autoDraw = False
111.1507 	EXP 	response7disk: autoDraw = False
111.1507 	EXP 	response8disk: autoDraw = False
111.1507 	EXP 	Circle_2: autoDraw = False
111.1507 	EXP 	text_23: autoDraw = False
111.1507 	EXP 	response1disk_2: autoDraw = True
111.1507 	EXP 	response2disk_2: autoDraw = True
111.1507 	EXP 	response3disk_2: autoDraw = True
111.1507 	EXP 	response4disk_2: autoDraw = True
111.1507 	EXP 	response5disk_2: autoDraw = True
111.1507 	EXP 	response6disk_2: autoDraw = True
111.1507 	EXP 	response7disk_2: autoDraw = True
111.1507 	EXP 	response8disk_2: autoDraw = True
111.1507 	EXP 	rectangle: autoDraw = True
111.1507 	EXP 	text_24: autoDraw = True
111.1507 	EXP 	text_25: autoDraw = True
111.2655 	DATA 	Mouse:  Left button up, pos=(674,311)
112.1151 	DATA 	Mouse: Left button down, pos=(643,385)
112.1186 	EXP 	New trial (rep=0, index=3): OrderedDict([('Colour_1', 2), ('Colour_2', 6), ('Ecc', 'PF')])
112.1315 	EXP 	response1disk_2: autoDraw = False
112.1315 	EXP 	response2disk_2: autoDraw = False
112.1315 	EXP 	response3disk_2: autoDraw = False
112.1315 	EXP 	response4disk_2: autoDraw = False
112.1315 	EXP 	response5disk_2: autoDraw = False
112.1315 	EXP 	response6disk_2: autoDraw = False
112.1315 	EXP 	response7disk_2: autoDraw = False
112.1315 	EXP 	response8disk_2: autoDraw = False
112.1315 	EXP 	rectangle: autoDraw = False
112.1315 	EXP 	text_24: autoDraw = False
112.1315 	EXP 	text_25: autoDraw = False
112.1315 	EXP 	Circle_1: autoDraw = True
112.1315 	EXP 	centre_cross4: autoDraw = True
112.2830 	DATA 	Mouse:  Left button up, pos=(643,385)
112.3814 	EXP 	Circle_1: autoDraw = False
112.6318 	EXP 	centre_cross4: autoDraw = False
112.6318 	EXP 	Circle_1: autoDraw = False
112.6318 	EXP 	centre_cross4: autoDraw = False
112.6318 	EXP 	response1disk: autoDraw = True
112.6318 	EXP 	response2disk: autoDraw = True
112.6318 	EXP 	response3disk: autoDraw = True
112.6318 	EXP 	response4disk: autoDraw = True
112.6318 	EXP 	response5disk: autoDraw = True
112.6318 	EXP 	response6disk: autoDraw = True
112.6318 	EXP 	response7disk: autoDraw = True
112.6318 	EXP 	response8disk: autoDraw = True
112.6318 	EXP 	Circle_2: autoDraw = True
112.6318 	EXP 	text_23: autoDraw = True
115.8345 	DATA 	Mouse: Left button down, pos=(686,296)
115.8666 	EXP 	response1disk: autoDraw = False
115.8666 	EXP 	response2disk: autoDraw = False
115.8666 	EXP 	response3disk: autoDraw = False
115.8666 	EXP 	response4disk: autoDraw = False
115.8666 	EXP 	response5disk: autoDraw = False
115.8666 	EXP 	response6disk: autoDraw = False
115.8666 	EXP 	response7disk: autoDraw = False
115.8666 	EXP 	response8disk: autoDraw = False
115.8666 	EXP 	Circle_2: autoDraw = False
115.8666 	EXP 	text_23: autoDraw = False
115.8666 	EXP 	response1disk_2: autoDraw = True
115.8666 	EXP 	response2disk_2: autoDraw = True
115.8666 	EXP 	response3disk_2: autoDraw = True
115.8666 	EXP 	response4disk_2: autoDraw = True
115.8666 	EXP 	response5disk_2: autoDraw = True
115.8666 	EXP 	response6disk_2: autoDraw = True
115.8666 	EXP 	response7disk_2: autoDraw = True
115.8666 	EXP 	response8disk_2: autoDraw = True
115.8666 	EXP 	rectangle: autoDraw = True
115.8666 	EXP 	text_24: autoDraw = True
115.8666 	EXP 	text_25: autoDraw = True
115.9522 	DATA 	Mouse:  Left button up, pos=(686,296)
120.1370 	DATA 	Mouse: Left button down, pos=(653,392)
120.1414 	EXP 	New trial (rep=0, index=4): OrderedDict([('Colour_1', 3), ('Colour_2', 5), ('Ecc', 'FF')])
120.1544 	EXP 	response1disk_2: autoDraw = False
120.1544 	EXP 	response2disk_2: autoDraw = False
120.1544 	EXP 	response3disk_2: autoDraw = False
120.1544 	EXP 	response4disk_2: autoDraw = False
120.1544 	EXP 	response5disk_2: autoDraw = False
120.1544 	EXP 	response6disk_2: autoDraw = False
120.1544 	EXP 	response7disk_2: autoDraw = False
120.1544 	EXP 	response8disk_2: autoDraw = False
120.1544 	EXP 	rectangle: autoDraw = False
120.1544 	EXP 	text_24: autoDraw = False
120.1544 	EXP 	text_25: autoDraw = False
120.1544 	EXP 	Circle_1: autoDraw = True
120.1544 	EXP 	centre_cross4: autoDraw = True
120.3051 	DATA 	Mouse:  Left button up, pos=(653,392)
120.4192 	EXP 	Circle_1: autoDraw = False
120.6690 	EXP 	Circle_1: autoDraw = False
120.6690 	EXP 	centre_cross4: autoDraw = False
120.6690 	EXP 	response1disk: autoDraw = True
120.6690 	EXP 	response2disk: autoDraw = True
120.6690 	EXP 	response3disk: autoDraw = True
120.6690 	EXP 	response4disk: autoDraw = True
120.6690 	EXP 	response5disk: autoDraw = True
120.6690 	EXP 	response6disk: autoDraw = True
120.6690 	EXP 	response7disk: autoDraw = True
120.6690 	EXP 	response8disk: autoDraw = True
120.6690 	EXP 	Circle_2: autoDraw = True
120.6690 	EXP 	text_23: autoDraw = True
121.7267 	DATA 	Keypress: escape
122.0867 	EXP 	window1: mouseVisible = True
